"../../../Engine/Content/EditorBlueprintResources/StandardMacros.uasset" 0
"../../../../../Github/Y4_PersonalProject/FlyForYourLife/Content/Actors/CarAIController_BP.uasset" 1
"../../../../../Github/Y4_PersonalProject/FlyForYourLife/Content/Art/Ships/Textures/Feisar/M_PlaceHolderShip.uasset" 2
"../../../../../Github/Y4_PersonalProject/FlyForYourLife/Content/Art/Ships/Textures/Feisar/M_PlaceHolderShipDiffuse.uasset" 3
"../../../../../Github/Y4_PersonalProject/FlyForYourLife/Content/Art/Ships/Textures/Feisar/M_FeisarShip.uasset" 4
"../../../../../Github/Y4_PersonalProject/FlyForYourLife/Content/StarterContent/Textures/T_MacroVariation.uasset" 5
"../../../../../Github/Y4_PersonalProject/FlyForYourLife/Content/StarterContent/Textures/T_Metal_Gold_D.uasset" 6
"../../../../../Github/Y4_PersonalProject/FlyForYourLife/Content/StarterContent/Textures/T_Metal_Gold_N.uasset" 7
"../../../../../Github/Y4_PersonalProject/FlyForYourLife/Content/StarterContent/Materials/M_Metal_Gold.uasset" 8
"../../../../../Github/Y4_PersonalProject/FlyForYourLife/Content/StarterContent/Textures/T_Frame_M.uasset" 9
"../../../../../Github/Y4_PersonalProject/FlyForYourLife/Content/StarterContent/Textures/T_Frame_N.uasset" 10
"../../../../../Github/Y4_PersonalProject/FlyForYourLife/Content/StarterContent/Props/Materials/M_Frame.uasset" 11
"../../../Engine/Content/Functions/Engine_MaterialFunctions01/Opacity/CameraDepthFade.uasset" 12
"../../../Engine/Content/EngineMaterials/T_Default_Material_Grid_M.uasset" 13
"../../../Engine/Content/EngineMaterials/T_Default_Material_Grid_N.uasset" 14
"../../../Engine/Content/EngineMaterials/DefaultMaterial.uasset" 15
"../../../Engine/Content/BasicShapes/Cylinder.uasset" 16
"../../../../../Github/Y4_PersonalProject/FlyForYourLife/Content/Art/Ships/Models/PlaceHolder/Feisar_Ship.uasset" 17
"../../../Engine/Content/Functions/Engine_MaterialFunctions02/Utility/BlendAngleCorrectedNormals.uasset" 18
"../../../../../Github/Y4_PersonalProject/FlyForYourLife/Content/StarterContent/Textures/T_Perlin_Noise_M.uasset" 19
"../../../../../Github/Y4_PersonalProject/FlyForYourLife/Content/StarterContent/Textures/T_Water_M.uasset" 20
"../../../../../Github/Y4_PersonalProject/FlyForYourLife/Content/StarterContent/Textures/T_Water_N.uasset" 21
"../../../../../Github/Y4_PersonalProject/FlyForYourLife/Content/StarterContent/Materials/M_Water_Ocean.uasset" 22
"../../../../../Github/Y4_PersonalProject/FlyForYourLife/Content/Art/Ships/Models/PlaceHolder/Feisar_Ship_Root.uasset" 23
"../../../../../Github/Y4_PersonalProject/FlyForYourLife/Content/PhysicsMaterials/PM_SlidingWall.uasset" 24
"../../../../../Github/Y4_PersonalProject/FlyForYourLife/Content/Widgets/DebugHovering.uasset" 25
"../../../../../Github/Y4_PersonalProject/FlyForYourLife/Content/Actors/CustomCar_BP.uasset" 26
"../../../../../Github/Y4_PersonalProject/FlyForYourLife/Content/Widgets/W_EndGame.uasset" 27
"../../../../../Github/Y4_PersonalProject/FlyForYourLife/Content/Widgets/W_GameUI.uasset" 28
"../../../../../Github/Y4_PersonalProject/FlyForYourLife/Content/Actors/CarPlayerController_BP.uasset" 29
"../../../../../Github/Y4_PersonalProject/FlyForYourLife/Content/GameMode/RacingGameGameModeBase_BP.uasset" 30
"../../../../../Github/Y4_PersonalProject/FlyForYourLife/Content/RacingGameGameModeBase_BP.uasset" 31
"../../../../../Github/Y4_PersonalProject/FlyForYourLife/Content/Art/Vehicle/SK_Car.uasset" 32
"../../../../../Github/Y4_PersonalProject/FlyForYourLife/Content/Actors/CollisionVechile.uasset" 33
"../../../../../Github/Y4_PersonalProject/FlyForYourLife/Content/Actors/PlayerCustomCar_BP.uasset" 34
"../../../Engine/Content/EngineMaterials/WorldGridMaterial.uasset" 35
"../../../../../Github/Y4_PersonalProject/FlyForYourLife/Content/Art/Ships/Models/Ship_01_A.uasset" 36
"../../../../../Github/Y4_PersonalProject/FlyForYourLife/Content/Art/Ships/Models/PlaceHolder/orig_default.uasset" 37
"../../../../../Github/Y4_PersonalProject/FlyForYourLife/Content/Art/Ships/Models/Ship1_Alexander/M_Ship_01_A.uasset" 38
"../../../../../Github/Y4_PersonalProject/FlyForYourLife/Content/Art/Ships/Models/Ship1_Alexander/Ship_01_A.uasset" 39
"../../../../../Github/Y4_PersonalProject/FlyForYourLife/Content/Art/TrackMaterials/M_SlidingWall.uasset" 40
"../../../../../Github/Y4_PersonalProject/FlyForYourLife/Content/Audio/Menu_Song.uasset" 41
"../../../../../Github/Y4_PersonalProject/FlyForYourLife/Content/GameInfo/GameModes.uasset" 42
"../../../../../Github/Y4_PersonalProject/FlyForYourLife/Content/GameMode/TimeTrialMode_BP.uasset" 43
"../../../../../Github/Y4_PersonalProject/FlyForYourLife/Content/PhysicsMaterials/SlidingWall.uasset" 44
"../../../../../Github/Y4_PersonalProject/FlyForYourLife/Content/Levels/AnnubisTrack/PipeMesh_Blender.uasset" 45
"../../../../../Github/Y4_PersonalProject/FlyForYourLife/Content/Levels/wallCollisionPipe_NurbsPath.uasset" 46
"../../../../../Github/Y4_PersonalProject/FlyForYourLife/Content/Levels/AnnubisTrack/CurbStone_002.uasset" 47
"../../../../../Github/Y4_PersonalProject/FlyForYourLife/Content/Levels/AnnubisTrack/Floor_CollisionMat.uasset" 48
"../../../../../Github/Y4_PersonalProject/FlyForYourLife/Content/Levels/AnnubisTrack/m_signs_002.uasset" 49
"../../../../../Github/Y4_PersonalProject/FlyForYourLife/Content/Levels/AnnubisTrack/m_track_blue_002.uasset" 50
"../../../../../Github/Y4_PersonalProject/FlyForYourLife/Content/Levels/AnnubisTrack/m_track_walls_002.uasset" 51
"../../../../../Github/Y4_PersonalProject/FlyForYourLife/Content/Levels/AnnubisTrack/RacingRing_AlbedoTransparency_002.uasset" 52
"../../../../../Github/Y4_PersonalProject/FlyForYourLife/Content/Levels/AnnubisTrack/TrackPipe_TrackPipe.uasset" 53
"../../../../../Github/Y4_PersonalProject/FlyForYourLife/Content/Levels/AnnubisTrack/Wall_CollisionMat.uasset" 54
"../../../../../Github/Y4_PersonalProject/FlyForYourLife/Content/Levels/AnnubisTrack/Anubis_WallCollisionOnly.uasset" 55
"../../../../../Github/Y4_PersonalProject/FlyForYourLife/Content/Levels/Annubis_CollisionOnly/Anubis_WallCollisionOnly.uasset" 56
"../../../../../Github/Y4_PersonalProject/FlyForYourLife/Content/Levels/AnnubisTrack/BarrelWall.uasset" 57
"../../../../../Github/Y4_PersonalProject/FlyForYourLife/Content/Levels/Annubis_CollisionOnly/BarrelWall.uasset" 58
"../../../../../Github/Y4_PersonalProject/FlyForYourLife/Content/Levels/AnnubisTrack/PipeSpline.uasset" 59
"../../../../../Github/Y4_PersonalProject/FlyForYourLife/Content/Levels/Annubis_CollisionOnly/PipeSpline.uasset" 60
"../../../../../Github/Y4_PersonalProject/FlyForYourLife/Content/Levels/AnnubisTrack/TrackOnly_CleanCollision_3.uasset" 61
"../../../../../Github/Y4_PersonalProject/FlyForYourLife/Content/Levels/Annubis_CollisionOnly/TrackOnly_CleanCollision_3.uasset" 62
"../../../../../Github/Y4_PersonalProject/FlyForYourLife/Content/Levels/Anubis_Lean/CurbStone.uasset" 63
"../../../../../Github/Y4_PersonalProject/FlyForYourLife/Content/Levels/Anubis_Lean/m_signs.uasset" 64
"../../../../../Github/Y4_PersonalProject/FlyForYourLife/Content/Levels/Anubis_Lean/m_track_blue.uasset" 65
"../../../../../Github/Y4_PersonalProject/FlyForYourLife/Content/Levels/Anubis_Lean/m_track_walls.uasset" 66
"../../../../../Github/Y4_PersonalProject/FlyForYourLife/Content/Levels/Anubis_Lean/RacingRing_AlbedoTransparency.uasset" 67
"../../../../../Github/Y4_PersonalProject/FlyForYourLife/Content/Levels/Anubis_Lean/Anubis_Lean.uasset" 68
"../../../../../Github/Y4_PersonalProject/FlyForYourLife/Content/StarterContent/Materials/M_Basic_Wall.uasset" 69
"../../../../../Github/Y4_PersonalProject/FlyForYourLife/Content/StarterContent/Shapes/Shape_Torus.uasset" 70
"../../../../../Github/Y4_PersonalProject/FlyForYourLife/Content/Levels/LevelProps/BoostPad.uasset" 71
"../../../../../Github/Y4_PersonalProject/FlyForYourLife/Content/Levels/LevelProps/Checkpoint1.uasset" 72
"../../../../../Github/Y4_PersonalProject/FlyForYourLife/Content/Levels/LevelProps/Checkpoint.uasset" 73
"../../../../../Github/Y4_PersonalProject/FlyForYourLife/Content/Levels/LevelProps/NewBlueprint.uasset" 74
"../../../../../Github/Y4_PersonalProject/FlyForYourLife/Content/Levels/ProceduralTrack/Materials/M_Concrete_Panels.uasset" 75
"../../../../../Github/Y4_PersonalProject/FlyForYourLife/Content/Levels/ProceduralTrack/Materials/Road.uasset" 76
"../../../../../Github/Y4_PersonalProject/FlyForYourLife/Content/Levels/ProceduralTrack/Materials/Road_Inst.uasset" 77
"../../../../../Github/Y4_PersonalProject/FlyForYourLife/Content/Levels/ProceduralTrack/Props/RampLeft.uasset" 78
"../../../../../Github/Y4_PersonalProject/FlyForYourLife/Content/Levels/ProceduralTrack/Props/RampLeftt_9.uasset" 79
"../../../../../Github/Y4_PersonalProject/FlyForYourLife/Content/Levels/ProceduralTrack/Props/RampLeft_7.uasset" 80
"../../../../../Github/Y4_PersonalProject/FlyForYourLife/Content/Levels/ProceduralTrack/Props/RampLeft_8.uasset" 81
"../../../../../Github/Y4_PersonalProject/FlyForYourLife/Content/StarterContent/Textures/T_Lamp_M.uasset" 82
"../../../../../Github/Y4_PersonalProject/FlyForYourLife/Content/StarterContent/Textures/T_Lamp_N.uasset" 83
"../../../../../Github/Y4_PersonalProject/FlyForYourLife/Content/StarterContent/Props/Materials/M_Lamp.uasset" 84
"../../../../../Github/Y4_PersonalProject/FlyForYourLife/Content/Levels/ProceduralTrack/Props/RampRight.uasset" 85
"../../../../../Github/Y4_PersonalProject/FlyForYourLife/Content/Levels/ProceduralTrack/Props/RampRight_3.uasset" 86
"../../../../../Github/Y4_PersonalProject/FlyForYourLife/Content/Levels/ProceduralTrack/Props/RampRight_4.uasset" 87
"../../../../../Github/Y4_PersonalProject/FlyForYourLife/Content/Levels/ProceduralTrack/Props/RampRight_5.uasset" 88
"../../../../../Github/Y4_PersonalProject/FlyForYourLife/Content/Levels/ProceduralTrack/Props/RampRight_6.uasset" 89
"../../../../../Github/Y4_PersonalProject/FlyForYourLife/Content/Levels/ProceduralTrack/Props/RampRight_7.uasset" 90
"../../../../../Github/Y4_PersonalProject/FlyForYourLife/Content/Levels/ProceduralTrack/Props/RampRight_8.uasset" 91
"../../../../../Github/Y4_PersonalProject/FlyForYourLife/Content/Levels/ProceduralTrack/Props/RampRight_9.uasset" 92
"../../../../../Github/Y4_PersonalProject/FlyForYourLife/Content/Levels/ProceduralTrack/Props/RampRight_Tube.uasset" 93
"../../../../../Github/Y4_PersonalProject/FlyForYourLife/Content/PhysicsMaterials/PM_Track.uasset" 94
"../../../../../Github/Y4_PersonalProject/FlyForYourLife/Content/Levels/ProceduralTrack/Props/Waypoint_Mesh.uasset" 95
"../../../../../Github/Y4_PersonalProject/FlyForYourLife/Content/Levels/ProceduralTrack/Textures/T_Concrete_Panels_D.uasset" 96
"../../../../../Github/Y4_PersonalProject/FlyForYourLife/Content/Levels/ProceduralTrack/Textures/T_Concrete_Panels_N.uasset" 97
"../../../../../Github/Y4_PersonalProject/FlyForYourLife/Content/Levels/ProceduralTrack/Textures/T_Perlin_Noise_M.uasset" 98
"../../../../../Github/Y4_PersonalProject/FlyForYourLife/Content/StarterContent/Architecture/Pillar_50x500.uasset" 99
"../../../../../Github/Y4_PersonalProject/FlyForYourLife/Content/StarterContent/Architecture/Wall_400x300.uasset" 100
"../../../../../Github/Y4_PersonalProject/FlyForYourLife/Content/StarterContent/Architecture/Wall_400x400.uasset" 101
"../../../../../Github/Y4_PersonalProject/FlyForYourLife/Content/StarterContent/Architecture/Wall_500x500.uasset" 102
"../../../../../Github/Y4_PersonalProject/FlyForYourLife/Content/StarterContent/Architecture/Wall_Door_400x400.uasset" 103
"../../../../../Github/Y4_PersonalProject/FlyForYourLife/Content/StarterContent/Architecture/Wall_Window_400x400.uasset" 104
"../../../../../Github/Y4_PersonalProject/FlyForYourLife/Content/StarterContent/Audio/Collapse01.uasset" 105
"../../../../../Github/Y4_PersonalProject/FlyForYourLife/Content/StarterContent/Audio/Collapse02.uasset" 106
"../../../../../Github/Y4_PersonalProject/FlyForYourLife/Content/StarterContent/Audio/Explosion01.uasset" 107
"../../../../../Github/Y4_PersonalProject/FlyForYourLife/Content/StarterContent/Audio/Explosion02.uasset" 108
"../../../../../Github/Y4_PersonalProject/FlyForYourLife/Content/StarterContent/Audio/Fire01.uasset" 109
"../../../../../Github/Y4_PersonalProject/FlyForYourLife/Content/StarterContent/Audio/Fire_Sparks01.uasset" 110
"../../../../../Github/Y4_PersonalProject/FlyForYourLife/Content/StarterContent/Audio/Light01.uasset" 111
"../../../../../Github/Y4_PersonalProject/FlyForYourLife/Content/StarterContent/Audio/Light01_Cue.uasset" 112
"../../../../../Github/Y4_PersonalProject/FlyForYourLife/Content/StarterContent/Audio/Light02.uasset" 113
"../../../../../Github/Y4_PersonalProject/FlyForYourLife/Content/StarterContent/Audio/Light02_Cue.uasset" 114
"../../../../../Github/Y4_PersonalProject/FlyForYourLife/Content/StarterContent/Audio/Smoke01.uasset" 115
"../../../../../Github/Y4_PersonalProject/FlyForYourLife/Content/StarterContent/Audio/Starter_Birds01.uasset" 116
"../../../../../Github/Y4_PersonalProject/FlyForYourLife/Content/StarterContent/Audio/Starter_Music01.uasset" 117
"../../../../../Github/Y4_PersonalProject/FlyForYourLife/Content/StarterContent/Audio/Starter_Wind05.uasset" 118
"../../../../../Github/Y4_PersonalProject/FlyForYourLife/Content/StarterContent/Audio/Starter_Wind06.uasset" 119
"../../../../../Github/Y4_PersonalProject/FlyForYourLife/Content/StarterContent/Audio/Steam01.uasset" 120
"../../../../../Github/Y4_PersonalProject/FlyForYourLife/Content/StarterContent/Audio/Explosion_Cue.uasset" 121
"../../../../../Github/Y4_PersonalProject/FlyForYourLife/Content/StarterContent/Textures/T_Burst_M.uasset" 122
"../../../../../Github/Y4_PersonalProject/FlyForYourLife/Content/StarterContent/Particles/Materials/M_Burst.uasset" 123
"../../../../../Github/Y4_PersonalProject/FlyForYourLife/Content/StarterContent/Textures/T_Explosion_SubUV.uasset" 124
"../../../../../Github/Y4_PersonalProject/FlyForYourLife/Content/StarterContent/Particles/Materials/M_explosion_subUV.uasset" 125
"../../../../../Github/Y4_PersonalProject/FlyForYourLife/Content/StarterContent/Particles/Materials/m_flare_01.uasset" 126
"../../../Engine/Content/Functions/Engine_MaterialFunctions01/Gradient/RadialGradient.uasset" 127
"../../../../../Github/Y4_PersonalProject/FlyForYourLife/Content/StarterContent/Particles/Materials/M_radial_ramp.uasset" 128
"../../../../../Github/Y4_PersonalProject/FlyForYourLife/Content/StarterContent/Textures/T_Smoke_SubUV.uasset" 129
"../../../../../Github/Y4_PersonalProject/FlyForYourLife/Content/StarterContent/Textures/T_Smoke_Tiled_D.uasset" 130
"../../../../../Github/Y4_PersonalProject/FlyForYourLife/Content/StarterContent/Particles/Materials/M_smoke_subUV.uasset" 131
"../../../../../Github/Y4_PersonalProject/FlyForYourLife/Content/StarterContent/Particles/P_Explosion.uasset" 132
"../../../../../Github/Y4_PersonalProject/FlyForYourLife/Content/StarterContent/Blueprints/Blueprint_Effect_Explosion.uasset" 133
"../../../Engine/Content/EditorMeshes/ColorCalibrator/T_ColorGrid.uasset" 134
"../../../../../Github/Y4_PersonalProject/FlyForYourLife/Content/StarterContent/Materials/M_ColorGrid_LowSpec.uasset" 135
"../../../../../Github/Y4_PersonalProject/FlyForYourLife/Content/StarterContent/Textures/T_Bush_D.uasset" 136
"../../../../../Github/Y4_PersonalProject/FlyForYourLife/Content/StarterContent/Textures/T_Bush_N.uasset" 137
"../../../../../Github/Y4_PersonalProject/FlyForYourLife/Content/StarterContent/Props/Materials/M_Bush.uasset" 138
"../../../../../Github/Y4_PersonalProject/FlyForYourLife/Content/StarterContent/Props/SM_Bush.uasset" 139
"../../../../../Github/Y4_PersonalProject/FlyForYourLife/Content/StarterContent/Textures/T_Chair_M.uasset" 140
"../../../../../Github/Y4_PersonalProject/FlyForYourLife/Content/StarterContent/Textures/T_Chair_N.uasset" 141
"../../../../../Github/Y4_PersonalProject/FlyForYourLife/Content/StarterContent/Props/Materials/M_Chair.uasset" 142
"../../../../../Github/Y4_PersonalProject/FlyForYourLife/Content/StarterContent/Props/SM_Couch.uasset" 143
"../../../../../Github/Y4_PersonalProject/FlyForYourLife/Content/StarterContent/Materials/M_Glass.uasset" 144
"../../../../../Github/Y4_PersonalProject/FlyForYourLife/Content/StarterContent/Textures/T_Door_M.uasset" 145
"../../../../../Github/Y4_PersonalProject/FlyForYourLife/Content/StarterContent/Textures/T_Door_N.uasset" 146
"../../../../../Github/Y4_PersonalProject/FlyForYourLife/Content/StarterContent/Props/Materials/M_Door.uasset" 147
"../../../../../Github/Y4_PersonalProject/FlyForYourLife/Content/StarterContent/Props/SM_Door.uasset" 148
"../../../../../Github/Y4_PersonalProject/FlyForYourLife/Content/StarterContent/Props/Materials/M_MaterialSphere.uasset" 149
"../../../../../Github/Y4_PersonalProject/FlyForYourLife/Content/StarterContent/Props/Materials/M_MaterialSphere_Plain.uasset" 150
"../../../../../Github/Y4_PersonalProject/FlyForYourLife/Content/StarterContent/Props/SM_MatPreviewMesh_02.uasset" 151
"../../../../../Github/Y4_PersonalProject/FlyForYourLife/Content/StarterContent/Textures/T_Detail_Rocky_N.uasset" 152
"../../../../../Github/Y4_PersonalProject/FlyForYourLife/Content/StarterContent/Textures/T_Rock_Basalt_D.uasset" 153
"../../../../../Github/Y4_PersonalProject/FlyForYourLife/Content/StarterContent/Textures/T_RockMesh_M.uasset" 154
"../../../../../Github/Y4_PersonalProject/FlyForYourLife/Content/StarterContent/Textures/T_RockMesh_N.uasset" 155
"../../../../../Github/Y4_PersonalProject/FlyForYourLife/Content/StarterContent/Props/Materials/M_Rock.uasset" 156
"../../../../../Github/Y4_PersonalProject/FlyForYourLife/Content/StarterContent/Props/SM_Rock.uasset" 157
"../../../../../Github/Y4_PersonalProject/FlyForYourLife/Content/StarterContent/Textures/T_Shelf_M.uasset" 158
"../../../../../Github/Y4_PersonalProject/FlyForYourLife/Content/StarterContent/Textures/T_Shelf_N.uasset" 159
"../../../../../Github/Y4_PersonalProject/FlyForYourLife/Content/StarterContent/Props/Materials/M_Shelf.uasset" 160
"../../../../../Github/Y4_PersonalProject/FlyForYourLife/Content/StarterContent/Props/SM_Shelf.uasset" 161
"../../../../../Github/Y4_PersonalProject/FlyForYourLife/Content/StarterContent/Materials/M_Basic_Floor.uasset" 162
"../../../../../Github/Y4_PersonalProject/FlyForYourLife/Content/StarterContent/Props/SM_Stairs.uasset" 163
"../../../../../Github/Y4_PersonalProject/FlyForYourLife/Content/StarterContent/Shapes/Shape_Cone.uasset" 164
"../../../../../Github/Y4_PersonalProject/FlyForYourLife/Content/StarterContent/Shapes/Shape_Cylinder.uasset" 165
"../../../../../Github/Y4_PersonalProject/FlyForYourLife/Content/StarterContent/Shapes/Shape_NarrowCapsule.uasset" 166
"../../../../../Github/Y4_PersonalProject/FlyForYourLife/Content/StarterContent/Shapes/Shape_Pipe.uasset" 167
"../../../../../Github/Y4_PersonalProject/FlyForYourLife/Content/StarterContent/Shapes/Shape_Pipe_180.uasset" 168
"../../../../../Github/Y4_PersonalProject/FlyForYourLife/Content/StarterContent/Shapes/Shape_Pipe_90.uasset" 169
"../../../../../Github/Y4_PersonalProject/FlyForYourLife/Content/StarterContent/Shapes/Shape_Plane.uasset" 170
"../../../../../Github/Y4_PersonalProject/FlyForYourLife/Content/StarterContent/Shapes/Shape_Trim.uasset" 171
"../../../../../Github/Y4_PersonalProject/FlyForYourLife/Content/StarterContent/Shapes/Shape_Trim_90_In.uasset" 172
"../../../../../Github/Y4_PersonalProject/FlyForYourLife/Content/StarterContent/Shapes/Shape_Trim_90_Out.uasset" 173
"../../../../../Github/Y4_PersonalProject/FlyForYourLife/Content/StarterContent/Shapes/Shape_TriPyramid.uasset" 174
"../../../../../Github/Y4_PersonalProject/FlyForYourLife/Content/StarterContent/Shapes/Shape_Tube.uasset" 175
"../../../../../Github/Y4_PersonalProject/FlyForYourLife/Content/StarterContent/Shapes/Shape_Wedge_A.uasset" 176
"../../../../../Github/Y4_PersonalProject/FlyForYourLife/Content/StarterContent/Shapes/Shape_Wedge_B.uasset" 177
"../../../../../Github/Y4_PersonalProject/FlyForYourLife/Content/StarterContent/Shapes/Shape_WideCapsule.uasset" 178
"../../../Engine/Content/Animation/DefaultAnimCurveCompressionSettings.uasset" 179
"../../../Engine/Content/ArtTools/RenderToTexture/Meshes/S_1_Unit_Plane.uasset" 180
"../../../Engine/Content/BasicShapes/Cone.uasset" 181
"../../../Engine/Content/BasicShapes/Cube.uasset" 182
"../../../Engine/Content/BasicShapes/Sphere.uasset" 183
"../../../Engine/Content/EditorLandscapeResources/DataLayer.uasset" 184
"../../../Engine/Content/EditorMaterials/GizmoMaterial.uasset" 185
"../../../Engine/Content/EditorMaterials/MAT_Groups_Toggle.uasset" 186
"../../../Engine/Content/EditorMaterials/MAT_Groups_Visibility.uasset" 187
"../../../Engine/Content/EditorMaterials/PreviewShadowIndicator.uasset" 188
"../../../Engine/Content/EditorMaterials/PreviewShadowIndicatorMaterial.uasset" 189
"../../../Engine/Content/EditorMaterials/MatineeGroups/MAT_ColorTrack.uasset" 190
"../../../Engine/Content/EditorMaterials/MatineeGroups/MAT_Groups_Anim.uasset" 191
"../../../Engine/Content/EditorMaterials/MatineeGroups/MAT_Groups_AudioMaster.uasset" 192
"../../../Engine/Content/EditorMaterials/MatineeGroups/MAT_Groups_Director.uasset" 193
"../../../Engine/Content/EditorMaterials/MatineeGroups/MAT_Groups_Event.uasset" 194
"../../../Engine/Content/EditorMaterials/MatineeGroups/MAT_Groups_Fade.uasset" 195
"../../../Engine/Content/EditorMaterials/MatineeGroups/MAT_Groups_Float.uasset" 196
"../../../Engine/Content/EditorMaterials/MatineeGroups/MAT_Groups_Move.uasset" 197
"../../../Engine/Content/EditorMaterials/MatineeGroups/MAT_Groups_Slomo.uasset" 198
"../../../Engine/Content/EditorMaterials/MatineeGroups/MAT_Groups_Sound.uasset" 199
"../../../Engine/Content/EditorMaterials/MatineeGroups/MAT_Groups_Vector.uasset" 200
"../../../Engine/Content/EditorMaterials/ParticleSystems/PSysThumbnail_NoImage.uasset" 201
"../../../Engine/Content/EditorMaterials/ParticleSystems/PSysThumbnail_OOD.uasset" 202
"../../../Engine/Content/EditorMaterials/Camera/CineMat.uasset" 203
"../../../Engine/Content/EditorMaterials/Camera/MI_CineMat_Rig.uasset" 204
"../../../Engine/Content/EditorMeshes/Camera/SM_CraneRig_Arm.uasset" 205
"../../../Engine/Content/EditorMeshes/Camera/SM_CraneRig_Base.uasset" 206
"../../../Engine/Content/EditorMeshes/Camera/SM_CraneRig_Body.uasset" 207
"../../../Engine/Content/EditorMeshes/Camera/SM_CraneRig_Mount.uasset" 208
"../../../Engine/Content/EditorMeshes/Camera/SM_RailRig_Mount.uasset" 209
"../../../Engine/Content/EditorMeshes/Camera/SM_RailRig_Track.uasset" 210
"../../../Engine/Content/EditorResources/BSPVertex.uasset" 211
"../../../Engine/Content/EditorResources/EmptyActor.uasset" 212
"../../../Engine/Content/EditorResources/S_Actor.uasset" 213
"../../../Engine/Content/EditorResources/S_Note.uasset" 214
"../../../Engine/Content/EditorResources/S_Solver.uasset" 215
"../../../Engine/Content/EditorResources/S_Trigger.uasset" 216
"../../../Engine/Content/EditorResources/AudioIcons/S_AudioComponent.uasset" 217
"../../../Engine/Content/EditorResources/AudioIcons/S_AudioComponent_AutoActivate.uasset" 218
"../../../Engine/Content/EditorResources/LightIcons/S_LightError.uasset" 219
"../../../Engine/Content/EditorResources/SequenceRecorder/Countdown.uasset" 220
"../../../Engine/Content/EditorResources/SequenceRecorder/RecordingIndicator.uasset" 221
"../../../Engine/Content/EditorSounds/Notifications/CompileFailed.uasset" 222
"../../../Engine/Content/EditorSounds/Notifications/CompileFailed_Cue.uasset" 223
"../../../Engine/Content/EditorSounds/Notifications/CompileSuccess.uasset" 224
"../../../Engine/Content/EditorSounds/Notifications/CompileStart_Cue.uasset" 225
"../../../Engine/Content/EditorSounds/Notifications/CompileSuccess_Cue.uasset" 226
"../../../Engine/Content/EngineDamageTypes/DmgTypeBP_Environmental.uasset" 227
"../../../Engine/Content/EngineDebugMaterials/HeatmapGradient.uasset" 228
"../../../Engine/Content/EngineDebugMaterials/BoneWeightMaterial.uasset" 229
"../../../Engine/Content/EngineDebugMaterials/ClothMaterial.uasset" 230
"../../../Engine/Content/EngineDebugMaterials/ClothMaterial_WF.uasset" 231
"../../../Engine/Content/EngineDebugMaterials/DebugEditorMaterial.uasset" 232
"../../../Engine/Content/EngineDebugMaterials/DebugMeshMaterial.uasset" 233
"../../../Engine/Content/EngineDebugMaterials/GeomMaterial.uasset" 234
"../../../Engine/Content/EngineDebugMaterials/M_SimpleTranslucent.uasset" 235
"../../../Engine/Content/Functions/Engine_MaterialFunctions02/Utility/CameraDirectionVector.uasset" 236
"../../../Engine/Content/EngineDebugMaterials/VolumeToRender.uasset" 237
"../../../Engine/Content/EngineDebugMaterials/M_VolumeRenderSphereTracePP.uasset" 238
"../../../Engine/Content/EngineDebugMaterials/WireframeMaterial.uasset" 239
"../../../Engine/Content/EngineFonts/Faces/RobotoBold.uasset" 240
"../../../Engine/Content/EngineFonts/Faces/RobotoBoldItalic.uasset" 241
"../../../Engine/Content/EngineFonts/Faces/RobotoItalic.uasset" 242
"../../../Engine/Content/EngineFonts/Faces/RobotoLight.uasset" 243
"../../../Engine/Content/EngineFonts/Faces/RobotoRegular.uasset" 244
"../../../Engine/Content/EngineFonts/Roboto.uasset" 245
"../../../Engine/Content/EngineMaterials/BaseFlattenDiffuseMap.uasset" 246
"../../../Engine/Content/EngineMaterials/BaseFlattenEmissiveMap.uasset" 247
"../../../Engine/Content/EngineMaterials/BaseFlattenGrayscaleMap.uasset" 248
"../../../Engine/Content/EngineMaterials/BaseFlattenNormalMap.uasset" 249
"../../../Engine/Content/EngineMaterials/BaseFlattenMaterial.uasset" 250
"../../../Engine/Content/EngineMaterials/BlueNoise.uasset" 251
"../../../Engine/Content/EngineMaterials/DefaultBloomKernel.uasset" 252
"../../../Engine/Content/EngineMaterials/DefaultBokeh.uasset" 253
"../../../Engine/Content/EngineMaterials/DefaultDiffuse.uasset" 254
"../../../Engine/Content/EngineMaterials/DefaultDeferredDecalMaterial.uasset" 255
"../../../Engine/Content/EngineMaterials/DefaultLightFunctionMaterial.uasset" 256
"../../../Engine/Content/EngineMaterials/DefaultPhysicalMaterial.uasset" 257
"../../../Engine/Content/Functions/Engine_MaterialFunctions02/Utility/BreakOutFloat2Components.uasset" 258
"../../../Engine/Content/EngineMaterials/DefaultPostProcessMaterial.uasset" 259
"../../../Engine/Content/EngineFonts/RobotoDistanceField.uasset" 260
"../../../Engine/Content/EngineMaterials/DefaultTextMaterialOpaque.uasset" 261
"../../../Engine/Content/EngineMaterials/DefaultVirtualTextureMaterial.uasset" 262
"../../../Engine/Content/EngineMaterials/DefaultWhiteGrid.uasset" 263
"../../../Engine/Content/EngineMaterials/EditorBrushMaterial.uasset" 264
"../../../Engine/Content/EngineMaterials/DefaultWhiteGrid_Low.uasset" 265
"../../../Engine/Content/EngineMaterials/EmissiveMeshMaterial.uasset" 266
"../../../Engine/Content/EngineMaterials/Good64x64TilingNoiseHighFreq.uasset" 267
"../../../Engine/Content/EngineMaterials/MiniFont.uasset" 268
"../../../Engine/Content/EngineMaterials/InvalidLightmapSettings.uasset" 269
"../../../Engine/Content/EngineMaterials/M_InvalidLightmapSettings.uasset" 270
"../../../Engine/Content/Functions/Engine_MaterialFunctions02/WorldPositionOffset/CameraOffset.uasset" 271
"../../../Engine/Content/EngineMaterials/PhAT_JointLimitMaterial.uasset" 272
"../../../Engine/Content/EngineMaterials/PreintegratedSkinBRDF.uasset" 273
"../../../Engine/Content/EngineMaterials/RemoveSurfaceMaterial.uasset" 274
"../../../Engine/Content/EngineMaterials/WeightMapPlaceholderTexture.uasset" 275
"../../../Engine/Content/EngineResources/WhiteSquareTexture.uasset" 276
"../../../Engine/Content/EngineMaterials/Widget3DPassThrough.uasset" 277
"../../../Engine/Content/EngineMaterials/Widget3DPassThrough_Masked.uasset" 278
"../../../Engine/Content/EngineMaterials/Widget3DPassThrough_Opaque.uasset" 279
"../../../Engine/Content/EngineMaterials/Widget3DPassThrough_Masked_OneSided.uasset" 280
"../../../Engine/Content/EngineMaterials/Widget3DPassThrough_Opaque_OneSided.uasset" 281
"../../../Engine/Content/EngineMaterials/Widget3DPassThrough_Translucent.uasset" 282
"../../../Engine/Content/EngineMaterials/Widget3DPassThrough_Translucent_OneSided.uasset" 283
"../../../Engine/Content/EngineMeshes/Cylinder.uasset" 284
"../../../Engine/Content/EngineMeshes/Sphere.uasset" 285
"../../../Engine/Content/EngineResources/Black.uasset" 286
"../../../Engine/Content/EngineResources/DefaultTexture.uasset" 287
"../../../Engine/Content/EngineResources/DefaultTextureCube.uasset" 288
"../../../Engine/Content/EngineResources/DefaultVolumeTexture2D.uasset" 289
"../../../Engine/Content/EngineResources/DefaultVolumeTexture.uasset" 290
"../../../Engine/Content/EngineResources/GradientTexture0.uasset" 291
"../../../Engine/Content/EngineSounds/Master.uasset" 292
"../../../Engine/Content/Functions/Engine_MaterialFunctions01/Shading/ConvertFromDiffSpec.uasset" 293
"../../../Engine/Content/Functions/Engine_MaterialFunctions01/Shading/PowerToRoughness.uasset" 294
"../../../Engine/Content/Maps/Templates/Thumbnails/Default.uasset" 295
"../../../Engine/Content/Maps/Templates/Thumbnails/VR-Basic.uasset" 296
"../../../Engine/Content/MobileResources/T_MobileControls_texture.uasset" 297
"../../../Engine/Content/MobileResources/T_MobileMenu2.uasset" 298
"../../../Engine/Content/MobileResources/HUD/AnalogHat.uasset" 299
"../../../Engine/Content/MobileResources/HUD/VirtualJoystick_Background.uasset" 300
"../../../Engine/Content/MobileResources/HUD/VirtualJoystick_Thumb.uasset" 301
"../../../Engine/Content/MobileResources/HUD/DefaultVirtualJoysticks.uasset" 302
"../../../Engine/Content/MobileResources/HUD/LeftVirtualJoystickOnly.uasset" 303
"../../../Engine/Content/MobileResources/HUD/MobileHUDButton1_off.uasset" 304
"../../../Engine/Content/MobileResources/HUD/MobileHUDButton1_on.uasset" 305
"../../../Engine/Content/MobileResources/HUD/MobileHUDButton2_off.uasset" 306
"../../../Engine/Content/MobileResources/HUD/MobileHUDButton2_on.uasset" 307
"../../../Engine/Content/MobileResources/HUD/MobileHUDButton3.uasset" 308
"../../../Engine/Content/MobileResources/HUD/MobileHUDButtonFire.uasset" 309
"../../../Engine/Content/MobileResources/HUD/MobileHUDDirectionPad.uasset" 310
"../../../Engine/Content/MobileResources/HUD/MobileHUDDirectionPad2.uasset" 311
"../../../Engine/Content/MobileResources/HUD/MobileHUDDirectionPad3.uasset" 312
"../../../Engine/Content/MobileResources/HUD/MobileHUDDirectionStick.uasset" 313
"../../../Engine/Content/MobileResources/HUD/T_Castle_ThumbstickInner.uasset" 314
"../../../Engine/Content/MobileResources/HUD/T_Castle_ThumbstickOutter.uasset" 315
"../../../Engine/Content/Tutorial/ContentIntroCurve.uasset" 316
"../../../Engine/Content/Tutorial/Basics/LevelEditorAttract.uasset" 317
"../../../Engine/Content/VREditor/LaserPointer/VR_LaserPower_01.uasset" 318
"../../../Engine/Content/VREditor/TransformGizmo/TransformGizmoMaterial.uasset" 319
"../../../Engine/Content/VREditor/TransformGizmo/TranslucentTransformGizmoMaterial.uasset" 320
"../../../Engine/Content/VREditor/TransformGizmo/BoundingBoxCorner.uasset" 321
"../../../Engine/Content/VREditor/TransformGizmo/BoundingBoxEdge.uasset" 322
"../../../Engine/Content/VREditor/TransformGizmo/PlaneTranslationHandle.uasset" 323
"../../../Engine/Content/VREditor/TransformGizmo/Main.uasset" 324
"../../../Engine/Content/VREditor/TransformGizmo/Xray.uasset" 325
"../../../Engine/Content/VREditor/TransformGizmo/SM_Sequencer_Key.uasset" 326
"../../../Engine/Content/VREditor/TransformGizmo/SM_Sequencer_Node.uasset" 327
"../../Plugins/2D/Paper2D/Content/PlaceholderTextures/DummySpriteTexture.uasset" 328
"../../Plugins/2D/Paper2D/Content/DummySprite.uasset" 329
"../../Plugins/2D/Paper2D/Content/DefaultPaperTerrainMaterial.uasset" 330
"../../Plugins/2D/Paper2D/Content/DummySpriteTexture.uasset" 331
"../../Plugins/2D/Paper2D/Content/DefaultSpriteMaterial.uasset" 332
"../../Plugins/2D/Paper2D/Content/MaskedUnlitSpriteMaterial.uasset" 333
"../../Plugins/2D/Paper2D/Content/OpaqueUnlitSpriteMaterial.uasset" 334
"../../Plugins/Runtime/Oculus/OculusVR/Content/OculusMR_RenderTarget.uasset" 335
"../../../Engine/Content/Functions/Engine_MaterialFunctions02/Utility/BreakOutFloat4Components.uasset" 336
"../../../Engine/Content/Functions/Engine_MaterialFunctions02/Utility/MakeFloat2.uasset" 337
"../../../Engine/Content/Functions/Engine_MaterialFunctions02/Utility/MakeFloat3.uasset" 338
"../../Plugins/Runtime/Oculus/OculusVR/Content/Materials/OculusMR_ChromaKey.uasset" 339
"../../Plugins/Runtime/Oculus/OculusVR/Content/Materials/OculusMR_ChromaKey_Lit.uasset" 340
"../../Plugins/Runtime/Oculus/OculusVR/Content/Materials/OculusMR_OpaqueColoredMaterial.uasset" 341
"../../Plugins/Runtime/Oculus/OculusVR/Content/Materials/OculusMR_WhiteMaterial.uasset" 342
"../../../Engine/Content/EngineSky/C_Sky_Cloud_Color.uasset" 343
"../../../Engine/Content/EngineSky/C_Sky_Horizon_Color.uasset" 344
"../../../Engine/Content/EngineSky/C_Sky_Zenith_Color.uasset" 345
"../../../Engine/Content/EngineSky/T_Sky_Blue.uasset" 346
"../../../Engine/Content/EngineSky/T_Sky_Clouds_M.uasset" 347
"../../../Engine/Content/EngineSky/T_Sky_Stars.uasset" 348
"../../../Engine/Content/EngineSky/M_Sky_Panning_Clouds2.uasset" 349
"../../../Engine/Content/EngineSky/SM_SkySphere.uasset" 350
"../../../Engine/Content/EngineSky/BP_Sky_Sphere.uasset" 351
"../../../../../Github/Y4_PersonalProject/FlyForYourLife/Content/Art/MenuArt/orange-and-blue-led-strips.uasset" 352
"../../../../../Github/Y4_PersonalProject/FlyForYourLife/Content/Widgets/W_MainMenu.uasset" 353
"../../../../../Github/Y4_PersonalProject/FlyForYourLife/Content/Levels/AnnubisTrack/Anubis_CollisionTest.umap" 354
"../../../../../Github/Y4_PersonalProject/FlyForYourLife/Content/Levels/Menu/L_MainMenu.umap" 355
"../../../../../Github/Y4_PersonalProject/FlyForYourLife/Content/StarterContent/Textures/T_Metal_Steel_D.uasset" 356
"../../../../../Github/Y4_PersonalProject/FlyForYourLife/Content/StarterContent/Textures/T_Metal_Steel_N.uasset" 357
"../../../../../Github/Y4_PersonalProject/FlyForYourLife/Content/StarterContent/Materials/M_Metal_Steel.uasset" 358
"../../../Engine/Content/BasicShapes/Plane.uasset" 359
"../../../../../Github/Y4_PersonalProject/FlyForYourLife/Content/PhysicsMaterials/Dirt.uasset" 360
"../../../../../Github/Y4_PersonalProject/FlyForYourLife/Content/Levels/LevelProps/LavaFloor.uasset" 361
"../../../../../Github/Y4_PersonalProject/FlyForYourLife/Content/Levels/ProceduralTrack/Data/RoadData.uasset" 362
"../../../../../Github/Y4_PersonalProject/FlyForYourLife/Content/Levels/ProceduralTrack/Props/L_GuardRail.uasset" 363
"../../../../../Github/Y4_PersonalProject/FlyForYourLife/Content/Levels/ProceduralTrack/Props/R_GuardRail.uasset" 364
"../../../../../Github/Y4_PersonalProject/FlyForYourLife/Content/Levels/ProceduralTrack/Textures/T_Metal_Aluminum_D.uasset" 365
"../../../../../Github/Y4_PersonalProject/FlyForYourLife/Content/Levels/ProceduralTrack/Textures/T_Metal_Gold_N.uasset" 366
"../../../../../Github/Y4_PersonalProject/FlyForYourLife/Content/StarterContent/Textures/T_Metal_Aluminum_D.uasset" 367
"../../../../../Github/Y4_PersonalProject/FlyForYourLife/Content/Levels/ProceduralTrack/Materials/M_Metal_Burnished_Steel.uasset" 368
"../../../../../Github/Y4_PersonalProject/FlyForYourLife/Content/Levels/ProceduralTrack/Props/RoadMesh.uasset" 369
"../../../../../Github/Y4_PersonalProject/FlyForYourLife/Content/StarterContent/Shapes/Shape_Sphere.uasset" 370
"../../../../../Github/Y4_PersonalProject/FlyForYourLife/Content/Levels/ProceduralTrack/TrackGenerator.uasset" 371
"../../../../../Github/Y4_PersonalProject/FlyForYourLife/Content/Levels/ProceduralTrack/L_GuardRailLevel_BuiltData.uasset" 372
"../../../../../Github/Y4_PersonalProject/FlyForYourLife/Content/StarterContent/Textures/T_Tech_Hex_Tile_M.uasset" 373
"../../../../../Github/Y4_PersonalProject/FlyForYourLife/Content/StarterContent/Textures/T_Tech_Hex_Tile_N.uasset" 374
"../../../../../Github/Y4_PersonalProject/FlyForYourLife/Content/StarterContent/Materials/M_Tech_Hex_Tile_Pulse.uasset" 375
"../../../../../Github/Y4_PersonalProject/FlyForYourLife/Content/StarterContent/Textures/T_Ceramic_Tile_M.uasset" 376
"../../../../../Github/Y4_PersonalProject/FlyForYourLife/Content/StarterContent/Textures/T_Ceramic_Tile_N.uasset" 377
"../../../../../Github/Y4_PersonalProject/FlyForYourLife/Content/StarterContent/Textures/T_Rock_Marble_Polished_D.uasset" 378
"../../../../../Github/Y4_PersonalProject/FlyForYourLife/Content/StarterContent/Materials/M_Ceramic_Tile_Checker.uasset" 379
"../../../../../Github/Y4_PersonalProject/FlyForYourLife/Content/Levels/ProceduralTrack/Props/RampLeft_10.uasset" 380
"../../../../../Github/Y4_PersonalProject/FlyForYourLife/Content/Levels/ProceduralTrack/Props/RampRight_10.uasset" 381
"../../../../../Github/Y4_PersonalProject/FlyForYourLife/Content/Levels/ProceduralTrack/Props/SkateRampWalls.uasset" 382
"../../../../../Github/Y4_PersonalProject/FlyForYourLife/Content/Widgets/W_Pause.uasset" 383
"../../../../../Github/Y4_PersonalProject/FlyForYourLife/Content/Levels/ProceduralTrack/L_GuardRailLevel.umap" 384
"../../../../../Github/Y4_PersonalProject/FlyForYourLife/Content/StarterContent/Blueprints/Assets/FogBrightnessLUT.uasset" 385
"../../../../../Github/Y4_PersonalProject/FlyForYourLife/Content/StarterContent/Blueprints/Assets/SunlightColorLUT.uasset" 386
"../../../../../Github/Y4_PersonalProject/FlyForYourLife/Content/StarterContent/Blueprints/Assets/M_LightStage_Arrows.uasset" 387
"../../../Engine/Content/MapTemplates/Sky/DaylightAmbientCubemap.uasset" 388
"../../../../../Github/Y4_PersonalProject/FlyForYourLife/Content/StarterContent/Blueprints/Assets/M_LightStage_Skybox_Master.uasset" 389
"../../../../../Github/Y4_PersonalProject/FlyForYourLife/Content/StarterContent/Blueprints/Assets/M_LightStage_Skybox_Black.uasset" 390
"../../../../../Github/Y4_PersonalProject/FlyForYourLife/Content/StarterContent/Blueprints/Assets/M_LightStage_Skybox_HDRI.uasset" 391
"../../../Engine/Content/EditorMaterials/Thumbnails/SkySphereMaterial.uasset" 392
"../../../../../Github/Y4_PersonalProject/FlyForYourLife/Content/StarterContent/Blueprints/Assets/Skybox.uasset" 393
"../../../../../Github/Y4_PersonalProject/FlyForYourLife/Content/StarterContent/Blueprints/Assets/SM_Arrows.uasset" 394
"../../../../../Github/Y4_PersonalProject/FlyForYourLife/Content/StarterContent/HDRI/HDRI_Epic_Courtyard_Daylight.uasset" 395
"../../../../../Github/Y4_PersonalProject/FlyForYourLife/Content/StarterContent/Blueprints/BP_LightStudio.uasset" 396
"../../../../../Github/Y4_PersonalProject/FlyForYourLife/Content/StarterContent/Maps/Advanced_Lighting_BuiltData.uasset" 397
"../../../../../Github/Y4_PersonalProject/FlyForYourLife/Content/StarterContent/Materials/M_AssetPlatform.uasset" 398
"../../../Engine/Content/EditorMeshes/ColorCalibrator/M_ChromeBall.uasset" 399
"../../../Engine/Content/EditorMeshes/ColorCalibrator/M_ClearCoat.uasset" 400
"../../../Engine/Content/EditorMeshes/ColorCalibrator/M_ClearCoatBlack.uasset" 401
"../../../Engine/Content/EditorMeshes/ColorCalibrator/Color_checker.uasset" 402
"../../../Engine/Content/EditorMeshes/ColorCalibrator/M_ColorGrid.uasset" 403
"../../../Engine/Content/EditorMeshes/ColorCalibrator/M_GreyBall.uasset" 404
"../../../Engine/Content/EditorMeshes/ColorCalibrator/SM_ColorCalibrator.uasset" 405
"../../../../../Github/Y4_PersonalProject/FlyForYourLife/Content/StarterContent/Architecture/SM_AssetPlatform.uasset" 406
"../../../../../Github/Y4_PersonalProject/FlyForYourLife/Content/StarterContent/Maps/Advanced_Lighting.umap" 407
"../../../../../Github/Y4_PersonalProject/FlyForYourLife/Content/StarterContent/Maps/Minimal_Default_BuiltData.uasset" 408
"../../../../../Github/Y4_PersonalProject/FlyForYourLife/Content/StarterContent/Materials/M_Metal_Brushed_Nickel.uasset" 409
"../../../../../Github/Y4_PersonalProject/FlyForYourLife/Content/StarterContent/Materials/M_Metal_Burnished_Steel.uasset" 410
"../../../../../Github/Y4_PersonalProject/FlyForYourLife/Content/StarterContent/Textures/T_Metal_Copper_D.uasset" 411
"../../../../../Github/Y4_PersonalProject/FlyForYourLife/Content/StarterContent/Materials/M_Metal_Copper.uasset" 412
"../../../../../Github/Y4_PersonalProject/FlyForYourLife/Content/StarterContent/Textures/T_Statue_M.uasset" 413
"../../../../../Github/Y4_PersonalProject/FlyForYourLife/Content/StarterContent/Textures/T_Statue_N.uasset" 414
"../../../../../Github/Y4_PersonalProject/FlyForYourLife/Content/StarterContent/Props/Materials/M_StatueGlass.uasset" 415
"../../../../../Github/Y4_PersonalProject/FlyForYourLife/Content/StarterContent/Architecture/Floor_400x400.uasset" 416
"../../../../../Github/Y4_PersonalProject/FlyForYourLife/Content/StarterContent/Audio/Starter_Background_Cue.uasset" 417
"../../../../../Github/Y4_PersonalProject/FlyForYourLife/Content/StarterContent/Props/SM_Chair.uasset" 418
"../../../../../Github/Y4_PersonalProject/FlyForYourLife/Content/StarterContent/Props/Materials/M_Statue.uasset" 419
"../../../../../Github/Y4_PersonalProject/FlyForYourLife/Content/StarterContent/Props/SM_Statue.uasset" 420
"../../../../../Github/Y4_PersonalProject/FlyForYourLife/Content/StarterContent/Textures/T_TableRound_M.uasset" 421
"../../../../../Github/Y4_PersonalProject/FlyForYourLife/Content/StarterContent/Textures/T_TableRound_N.uasset" 422
"../../../../../Github/Y4_PersonalProject/FlyForYourLife/Content/StarterContent/Props/Materials/M_TableRound.uasset" 423
"../../../../../Github/Y4_PersonalProject/FlyForYourLife/Content/StarterContent/Props/SM_TableRound.uasset" 424
"../../../../../Github/Y4_PersonalProject/FlyForYourLife/Content/StarterContent/Maps/Minimal_Default.umap" 425
"../../../../../Github/Y4_PersonalProject/FlyForYourLife/Content/StarterContent/Audio/Fire01_Cue.uasset" 426
"../../../../../Github/Y4_PersonalProject/FlyForYourLife/Content/StarterContent/Textures/T_Fire_SubUV.uasset" 427
"../../../../../Github/Y4_PersonalProject/FlyForYourLife/Content/StarterContent/Textures/T_Fire_Tiled_D.uasset" 428
"../../../../../Github/Y4_PersonalProject/FlyForYourLife/Content/StarterContent/Particles/Materials/M_Fire_SubUV.uasset" 429
"../../../../../Github/Y4_PersonalProject/FlyForYourLife/Content/StarterContent/Particles/Materials/M_Heat_Distortion.uasset" 430
"../../../../../Github/Y4_PersonalProject/FlyForYourLife/Content/StarterContent/Particles/Materials/M_Radial_Gradient.uasset" 431
"../../../../../Github/Y4_PersonalProject/FlyForYourLife/Content/StarterContent/Particles/P_Fire.uasset" 432
"../../../../../Github/Y4_PersonalProject/FlyForYourLife/Content/StarterContent/Blueprints/Blueprint_Effect_Fire.uasset" 433
"../../../../../Github/Y4_PersonalProject/FlyForYourLife/Content/StarterContent/Audio/Smoke01_Cue.uasset" 434
"../../../../../Github/Y4_PersonalProject/FlyForYourLife/Content/StarterContent/Particles/P_Smoke.uasset" 435
"../../../../../Github/Y4_PersonalProject/FlyForYourLife/Content/StarterContent/Blueprints/Blueprint_Effect_Smoke.uasset" 436
"../../../../../Github/Y4_PersonalProject/FlyForYourLife/Content/StarterContent/Audio/Fire_Sparks01_Cue.uasset" 437
"../../../../../Github/Y4_PersonalProject/FlyForYourLife/Content/StarterContent/Textures/T_Spark_Core.uasset" 438
"../../../../../Github/Y4_PersonalProject/FlyForYourLife/Content/StarterContent/Particles/Materials/M_Spark.uasset" 439
"../../../../../Github/Y4_PersonalProject/FlyForYourLife/Content/StarterContent/Particles/P_Sparks.uasset" 440
"../../../../../Github/Y4_PersonalProject/FlyForYourLife/Content/StarterContent/Blueprints/Blueprint_Effect_Sparks.uasset" 441
"../../../../../Github/Y4_PersonalProject/FlyForYourLife/Content/StarterContent/Audio/Steam01_Cue.uasset" 442
"../../../../../Github/Y4_PersonalProject/FlyForYourLife/Content/StarterContent/Particles/P_Steam_Lit.uasset" 443
"../../../../../Github/Y4_PersonalProject/FlyForYourLife/Content/StarterContent/Blueprints/Blueprint_Effect_Steam.uasset" 444
"../../../../../Github/Y4_PersonalProject/FlyForYourLife/Content/StarterContent/Props/SM_Lamp_Ceiling.uasset" 445
"../../../../../Github/Y4_PersonalProject/FlyForYourLife/Content/StarterContent/Blueprints/Blueprint_CeilingLight.uasset" 446
"../../../../../Github/Y4_PersonalProject/FlyForYourLife/Content/StarterContent/Props/SM_Lamp_Wall.uasset" 447
"../../../../../Github/Y4_PersonalProject/FlyForYourLife/Content/StarterContent/Blueprints/Blueprint_WallSconce.uasset" 448
"../../../../../Github/Y4_PersonalProject/FlyForYourLife/Content/StarterContent/Maps/StarterMap_BuiltData.uasset" 449
"../../../Engine/Content/Functions/Engine_MaterialFunctions03/Procedurals/ComputeFilterWidth.uasset" 450
"../../../Engine/Content/EngineMaterials/AntiAliasedTextMaterialTranslucent.uasset" 451
"../../../../../Github/Y4_PersonalProject/FlyForYourLife/Content/StarterContent/Textures/T_Brick_Clay_Beveled_D.uasset" 452
"../../../../../Github/Y4_PersonalProject/FlyForYourLife/Content/StarterContent/Textures/T_Brick_Clay_Beveled_M.uasset" 453
"../../../../../Github/Y4_PersonalProject/FlyForYourLife/Content/StarterContent/Textures/T_Brick_Clay_Beveled_N.uasset" 454
"../../../../../Github/Y4_PersonalProject/FlyForYourLife/Content/StarterContent/Materials/M_Brick_Clay_Beveled.uasset" 455
"../../../../../Github/Y4_PersonalProject/FlyForYourLife/Content/StarterContent/Textures/T_Brick_Clay_New_D.uasset" 456
"../../../../../Github/Y4_PersonalProject/FlyForYourLife/Content/StarterContent/Textures/T_Brick_Clay_New_M.uasset" 457
"../../../../../Github/Y4_PersonalProject/FlyForYourLife/Content/StarterContent/Textures/T_Brick_Clay_New_N.uasset" 458
"../../../../../Github/Y4_PersonalProject/FlyForYourLife/Content/StarterContent/Materials/M_Brick_Clay_New.uasset" 459
"../../../../../Github/Y4_PersonalProject/FlyForYourLife/Content/StarterContent/Textures/T_Brick_Clay_Old_D.uasset" 460
"../../../../../Github/Y4_PersonalProject/FlyForYourLife/Content/StarterContent/Textures/T_Brick_Clay_Old_N.uasset" 461
"../../../../../Github/Y4_PersonalProject/FlyForYourLife/Content/StarterContent/Materials/M_Brick_Clay_Old.uasset" 462
"../../../../../Github/Y4_PersonalProject/FlyForYourLife/Content/StarterContent/Textures/T_Brick_Cut_Stone_D.uasset" 463
"../../../../../Github/Y4_PersonalProject/FlyForYourLife/Content/StarterContent/Textures/T_Brick_Cut_Stone_N.uasset" 464
"../../../../../Github/Y4_PersonalProject/FlyForYourLife/Content/StarterContent/Materials/M_Brick_Cut_Stone.uasset" 465
"../../../../../Github/Y4_PersonalProject/FlyForYourLife/Content/StarterContent/Textures/T_Brick_Hewn_Stone_D.uasset" 466
"../../../../../Github/Y4_PersonalProject/FlyForYourLife/Content/StarterContent/Textures/T_Brick_Hewn_Stone_M.uasset" 467
"../../../../../Github/Y4_PersonalProject/FlyForYourLife/Content/StarterContent/Textures/T_Brick_Hewn_Stone_N.uasset" 468
"../../../../../Github/Y4_PersonalProject/FlyForYourLife/Content/StarterContent/Materials/M_Brick_Hewn_Stone.uasset" 469
"../../../../../Github/Y4_PersonalProject/FlyForYourLife/Content/StarterContent/Textures/T_CobbleStone_Pebble_D.uasset" 470
"../../../../../Github/Y4_PersonalProject/FlyForYourLife/Content/StarterContent/Textures/T_CobbleStone_Pebble_M.uasset" 471
"../../../../../Github/Y4_PersonalProject/FlyForYourLife/Content/StarterContent/Textures/T_CobbleStone_Pebble_N.uasset" 472
"../../../../../Github/Y4_PersonalProject/FlyForYourLife/Content/StarterContent/Materials/M_CobbleStone_Pebble.uasset" 473
"../../../../../Github/Y4_PersonalProject/FlyForYourLife/Content/StarterContent/Textures/T_CobbleStone_Rough_D.uasset" 474
"../../../../../Github/Y4_PersonalProject/FlyForYourLife/Content/StarterContent/Textures/T_CobbleStone_Rough_N.uasset" 475
"../../../../../Github/Y4_PersonalProject/FlyForYourLife/Content/StarterContent/Textures/T_Gradinet_01.uasset" 476
"../../../../../Github/Y4_PersonalProject/FlyForYourLife/Content/StarterContent/Textures/T_Rock_Smooth_Granite_D.uasset" 477
"../../../../../Github/Y4_PersonalProject/FlyForYourLife/Content/StarterContent/Materials/M_CobbleStone_Rough.uasset" 478
"../../../../../Github/Y4_PersonalProject/FlyForYourLife/Content/StarterContent/Textures/T_CobbleStone_Smooth_D.uasset" 479
"../../../../../Github/Y4_PersonalProject/FlyForYourLife/Content/StarterContent/Textures/T_CobbleStone_Smooth_M.uasset" 480
"../../../../../Github/Y4_PersonalProject/FlyForYourLife/Content/StarterContent/Textures/T_CobbleStone_Smooth_N.uasset" 481
"../../../../../Github/Y4_PersonalProject/FlyForYourLife/Content/StarterContent/Materials/M_CobbleStone_Smooth.uasset" 482
"../../../../../Github/Y4_PersonalProject/FlyForYourLife/Content/StarterContent/Textures/T_Concrete_Grime_D.uasset" 483
"../../../../../Github/Y4_PersonalProject/FlyForYourLife/Content/StarterContent/Textures/T_Metal_Rust_N.uasset" 484
"../../../../../Github/Y4_PersonalProject/FlyForYourLife/Content/StarterContent/Materials/M_Concrete_Grime.uasset" 485
"../../../../../Github/Y4_PersonalProject/FlyForYourLife/Content/StarterContent/Textures/T_Concrete_Panels_D.uasset" 486
"../../../../../Github/Y4_PersonalProject/FlyForYourLife/Content/StarterContent/Textures/T_Concrete_Panels_N.uasset" 487
"../../../../../Github/Y4_PersonalProject/FlyForYourLife/Content/StarterContent/Materials/M_Concrete_Panels.uasset" 488
"../../../../../Github/Y4_PersonalProject/FlyForYourLife/Content/StarterContent/Textures/T_Concrete_Poured_D.uasset" 489
"../../../../../Github/Y4_PersonalProject/FlyForYourLife/Content/StarterContent/Textures/T_Concrete_Poured_N.uasset" 490
"../../../../../Github/Y4_PersonalProject/FlyForYourLife/Content/StarterContent/Materials/M_Concrete_Poured.uasset" 491
"../../../../../Github/Y4_PersonalProject/FlyForYourLife/Content/StarterContent/Textures/T_Concrete_Tiles_D.uasset" 492
"../../../../../Github/Y4_PersonalProject/FlyForYourLife/Content/StarterContent/Textures/T_Concrete_Tiles_M.uasset" 493
"../../../../../Github/Y4_PersonalProject/FlyForYourLife/Content/StarterContent/Textures/T_Concrete_Tiles_N.uasset" 494
"../../../../../Github/Y4_PersonalProject/FlyForYourLife/Content/StarterContent/Textures/T_Concrete_Tiles_Variation_M.uasset" 495
"../../../../../Github/Y4_PersonalProject/FlyForYourLife/Content/StarterContent/Materials/M_Concrete_Tiles.uasset" 496
"../../../../../Github/Y4_PersonalProject/FlyForYourLife/Content/StarterContent/Textures/T_Ground_Grass_D.uasset" 497
"../../../../../Github/Y4_PersonalProject/FlyForYourLife/Content/StarterContent/Textures/T_Ground_Grass_N.uasset" 498
"../../../../../Github/Y4_PersonalProject/FlyForYourLife/Content/StarterContent/Materials/M_Ground_Grass.uasset" 499
"../../../../../Github/Y4_PersonalProject/FlyForYourLife/Content/StarterContent/Textures/T_Ground_Gravel_D.uasset" 500
"../../../../../Github/Y4_PersonalProject/FlyForYourLife/Content/StarterContent/Textures/T_Ground_Gravel_N.uasset" 501
"../../../../../Github/Y4_PersonalProject/FlyForYourLife/Content/StarterContent/Materials/M_Ground_Gravel.uasset" 502
"../../../../../Github/Y4_PersonalProject/FlyForYourLife/Content/StarterContent/Textures/T_ground_Moss_D.uasset" 503
"../../../../../Github/Y4_PersonalProject/FlyForYourLife/Content/StarterContent/Textures/T_Ground_Moss_N.uasset" 504
"../../../../../Github/Y4_PersonalProject/FlyForYourLife/Content/StarterContent/Materials/M_Ground_Moss.uasset" 505
"../../../../../Github/Y4_PersonalProject/FlyForYourLife/Content/StarterContent/Materials/M_Metal_Chrome.uasset" 506
"../../../../../Github/Y4_PersonalProject/FlyForYourLife/Content/StarterContent/Textures/T_Metal_Rust_D.uasset" 507
"../../../../../Github/Y4_PersonalProject/FlyForYourLife/Content/StarterContent/Materials/M_Metal_Rust.uasset" 508
"../../../../../Github/Y4_PersonalProject/FlyForYourLife/Content/StarterContent/Textures/T_Rock_Basalt_N.uasset" 509
"../../../../../Github/Y4_PersonalProject/FlyForYourLife/Content/StarterContent/Materials/M_Rock_Basalt.uasset" 510
"../../../../../Github/Y4_PersonalProject/FlyForYourLife/Content/StarterContent/Materials/M_Rock_Marble_Polished.uasset" 511
"../../../../../Github/Y4_PersonalProject/FlyForYourLife/Content/StarterContent/Textures/T_Rock_Sandstone_D.uasset" 512
"../../../../../Github/Y4_PersonalProject/FlyForYourLife/Content/StarterContent/Textures/T_Rock_Sandstone_N.uasset" 513
"../../../../../Github/Y4_PersonalProject/FlyForYourLife/Content/StarterContent/Materials/M_Rock_Sandstone.uasset" 514
"../../../../../Github/Y4_PersonalProject/FlyForYourLife/Content/StarterContent/Textures/T_Rock_Slate_D.uasset" 515
"../../../../../Github/Y4_PersonalProject/FlyForYourLife/Content/StarterContent/Textures/T_Rock_Slate_N.uasset" 516
"../../../../../Github/Y4_PersonalProject/FlyForYourLife/Content/StarterContent/Materials/M_Rock_Slate.uasset" 517
"../../../../../Github/Y4_PersonalProject/FlyForYourLife/Content/StarterContent/Textures/T_Checker_Noise_M.uasset" 518
"../../../../../Github/Y4_PersonalProject/FlyForYourLife/Content/StarterContent/Textures/T_Single_Tile_N.uasset" 519
"../../../../../Github/Y4_PersonalProject/FlyForYourLife/Content/StarterContent/Textures/T_Tech_Dot_M.uasset" 520
"../../../../../Github/Y4_PersonalProject/FlyForYourLife/Content/StarterContent/Textures/T_Tech_Dot_N.uasset" 521
"../../../../../Github/Y4_PersonalProject/FlyForYourLife/Content/StarterContent/Materials/M_Tech_Checker_Dot.uasset" 522
"../../../../../Github/Y4_PersonalProject/FlyForYourLife/Content/StarterContent/Materials/M_Tech_Hex_Tile.uasset" 523
"../../../../../Github/Y4_PersonalProject/FlyForYourLife/Content/StarterContent/Textures/T_Tech_Panel_M.uasset" 524
"../../../../../Github/Y4_PersonalProject/FlyForYourLife/Content/StarterContent/Textures/T_Tech_Panel_N.uasset" 525
"../../../../../Github/Y4_PersonalProject/FlyForYourLife/Content/StarterContent/Materials/M_Tech_Panel.uasset" 526
"../../../../../Github/Y4_PersonalProject/FlyForYourLife/Content/StarterContent/Materials/M_Water_Lake.uasset" 527
"../../../../../Github/Y4_PersonalProject/FlyForYourLife/Content/StarterContent/Textures/T_Wood_Floor_Walnut_D.uasset" 528
"../../../../../Github/Y4_PersonalProject/FlyForYourLife/Content/StarterContent/Textures/T_Wood_Floor_Walnut_M.uasset" 529
"../../../../../Github/Y4_PersonalProject/FlyForYourLife/Content/StarterContent/Textures/T_Wood_Floor_Walnut_N.uasset" 530
"../../../../../Github/Y4_PersonalProject/FlyForYourLife/Content/StarterContent/Materials/M_Wood_Floor_Walnut_Polished.uasset" 531
"../../../Engine/Content/Functions/Engine_MaterialFunctions01/Opacity/AlphaOffset.uasset" 532
"../../../../../Github/Y4_PersonalProject/FlyForYourLife/Content/StarterContent/Materials/M_Wood_Floor_Walnut_Worn.uasset" 533
"../../../../../Github/Y4_PersonalProject/FlyForYourLife/Content/StarterContent/Textures/T_Wood_Oak_D.uasset" 534
"../../../../../Github/Y4_PersonalProject/FlyForYourLife/Content/StarterContent/Textures/T_Wood_Oak_N.uasset" 535
"../../../../../Github/Y4_PersonalProject/FlyForYourLife/Content/StarterContent/Materials/M_Wood_Oak.uasset" 536
"../../../../../Github/Y4_PersonalProject/FlyForYourLife/Content/StarterContent/Textures/T_Wood_Pine_D.uasset" 537
"../../../../../Github/Y4_PersonalProject/FlyForYourLife/Content/StarterContent/Textures/T_Wood_Pine_N.uasset" 538
"../../../../../Github/Y4_PersonalProject/FlyForYourLife/Content/StarterContent/Materials/M_Wood_Pine.uasset" 539
"../../../../../Github/Y4_PersonalProject/FlyForYourLife/Content/StarterContent/Textures/T_Wood_Walnut_D.uasset" 540
"../../../../../Github/Y4_PersonalProject/FlyForYourLife/Content/StarterContent/Textures/T_Wood_Walnut_N.uasset" 541
"../../../../../Github/Y4_PersonalProject/FlyForYourLife/Content/StarterContent/Materials/M_Wood_Walnut.uasset" 542
"../../../../../Github/Y4_PersonalProject/FlyForYourLife/Content/StarterContent/Architecture/Wall_400x200.uasset" 543
"../../../../../Github/Y4_PersonalProject/FlyForYourLife/Content/StarterContent/Architecture/Wall_Door_400x300.uasset" 544
"../../../../../Github/Y4_PersonalProject/FlyForYourLife/Content/StarterContent/Architecture/Wall_Window_400x300.uasset" 545
"../../../../../Github/Y4_PersonalProject/FlyForYourLife/Content/StarterContent/Audio/Collapse_Cue.uasset" 546
"../../../../../Github/Y4_PersonalProject/FlyForYourLife/Content/StarterContent/Audio/Starter_Music_Cue.uasset" 547
"../../../../../Github/Y4_PersonalProject/FlyForYourLife/Content/StarterContent/Textures/T_Dust_Particle_D.uasset" 548
"../../../../../Github/Y4_PersonalProject/FlyForYourLife/Content/StarterContent/Particles/Materials/M_Dust_Particle.uasset" 549
"../../../../../Github/Y4_PersonalProject/FlyForYourLife/Content/StarterContent/Particles/P_Ambient_Dust.uasset" 550
"../../../../../Github/Y4_PersonalProject/FlyForYourLife/Content/StarterContent/Props/MaterialSphere.uasset" 551
"../../../../../Github/Y4_PersonalProject/FlyForYourLife/Content/StarterContent/Props/SM_CornerFrame.uasset" 552
"../../../../../Github/Y4_PersonalProject/FlyForYourLife/Content/StarterContent/Props/SM_DoorFrame.uasset" 553
"../../../../../Github/Y4_PersonalProject/FlyForYourLife/Content/StarterContent/Props/SM_GlassWindow.uasset" 554
"../../../../../Github/Y4_PersonalProject/FlyForYourLife/Content/StarterContent/Props/SM_PillarFrame.uasset" 555
"../../../../../Github/Y4_PersonalProject/FlyForYourLife/Content/StarterContent/Props/SM_PillarFrame300.uasset" 556
"../../../../../Github/Y4_PersonalProject/FlyForYourLife/Content/StarterContent/Props/SM_WindowFrame.uasset" 557
"../../../../../Github/Y4_PersonalProject/FlyForYourLife/Content/StarterContent/Shapes/Shape_Cube.uasset" 558
"../../../../../Github/Y4_PersonalProject/FlyForYourLife/Content/StarterContent/Shapes/Shape_QuadPyramid.uasset" 559
"../../../../../Github/Y4_PersonalProject/FlyForYourLife/Content/StarterContent/Maps/StarterMap.umap" 560
"../../../Engine/Content/Maps/Entry_BuiltData.uasset" 561
"../../../Engine/Content/Maps/Entry.umap" 562
