"../../../../../Github/Y4_PersonalProject/RacingGame/Content/Art/Vehicle/SK_Car.uasset" 0
"../../../../../Github/Y4_PersonalProject/RacingGame/Content/Actors/CollisionVechile.uasset" 1
"../../../../../Github/Y4_PersonalProject/RacingGame/Content/Art/Ships/Models/PlaceHolder/orig_default.uasset" 2
"../../../../../Github/Y4_PersonalProject/RacingGame/Content/Levels/Annubis_CollisionOnly/Floor_CollisionMat.uasset" 3
"../../../../../Github/Y4_PersonalProject/RacingGame/Content/Levels/Annubis_CollisionOnly/Wall_CollisionMat.uasset" 4
"../../../../../Github/Y4_PersonalProject/RacingGame/Content/Levels/Annubis_CollisionOnly/Anubis_CollisionOnly.uasset" 5
"../../../../../Github/Y4_PersonalProject/RacingGame/Content/Levels/Annubis_CollisionOnly/CurbStone_002.uasset" 6
"../../../../../Github/Y4_PersonalProject/RacingGame/Content/Levels/Annubis_CollisionOnly/m_signs_002.uasset" 7
"../../../../../Github/Y4_PersonalProject/RacingGame/Content/Levels/Annubis_CollisionOnly/m_track_blue_002.uasset" 8
"../../../../../Github/Y4_PersonalProject/RacingGame/Content/Levels/Annubis_CollisionOnly/m_track_walls_002.uasset" 9
"../../../../../Github/Y4_PersonalProject/RacingGame/Content/Levels/Annubis_CollisionOnly/RacingRing_AlbedoTransparency_002.uasset" 10
"../../../../../Github/Y4_PersonalProject/RacingGame/Content/Levels/LevelProps/Checkpoint1.uasset" 11
"../../../../../Github/Y4_PersonalProject/RacingGame/Content/Levels/LevelProps/Checkpoint.uasset" 12
"../../../../../Github/Y4_PersonalProject/RacingGame/Content/Levels/LevelProps/NewBlueprint.uasset" 13
"../../../../../Github/Y4_PersonalProject/RacingGame/Content/StarterContent/Materials/M_Basic_Wall.uasset" 14
"../../../../../Github/Y4_PersonalProject/RacingGame/Content/StarterContent/Architecture/Pillar_50x500.uasset" 15
"../../../../../Github/Y4_PersonalProject/RacingGame/Content/StarterContent/Architecture/Wall_400x300.uasset" 16
"../../../../../Github/Y4_PersonalProject/RacingGame/Content/StarterContent/Architecture/Wall_400x400.uasset" 17
"../../../../../Github/Y4_PersonalProject/RacingGame/Content/StarterContent/Architecture/Wall_500x500.uasset" 18
"../../../../../Github/Y4_PersonalProject/RacingGame/Content/StarterContent/Architecture/Wall_Door_400x400.uasset" 19
"../../../../../Github/Y4_PersonalProject/RacingGame/Content/StarterContent/Architecture/Wall_Window_400x400.uasset" 20
"../../../../../Github/Y4_PersonalProject/RacingGame/Content/StarterContent/Audio/Collapse01.uasset" 21
"../../../../../Github/Y4_PersonalProject/RacingGame/Content/StarterContent/Audio/Collapse02.uasset" 22
"../../../../../Github/Y4_PersonalProject/RacingGame/Content/StarterContent/Audio/Explosion01.uasset" 23
"../../../../../Github/Y4_PersonalProject/RacingGame/Content/StarterContent/Audio/Explosion02.uasset" 24
"../../../../../Github/Y4_PersonalProject/RacingGame/Content/StarterContent/Audio/Fire01.uasset" 25
"../../../../../Github/Y4_PersonalProject/RacingGame/Content/StarterContent/Audio/Fire_Sparks01.uasset" 26
"../../../../../Github/Y4_PersonalProject/RacingGame/Content/StarterContent/Audio/Light01.uasset" 27
"../../../../../Github/Y4_PersonalProject/RacingGame/Content/StarterContent/Audio/Light01_Cue.uasset" 28
"../../../../../Github/Y4_PersonalProject/RacingGame/Content/StarterContent/Audio/Light02.uasset" 29
"../../../../../Github/Y4_PersonalProject/RacingGame/Content/StarterContent/Audio/Light02_Cue.uasset" 30
"../../../../../Github/Y4_PersonalProject/RacingGame/Content/StarterContent/Audio/Smoke01.uasset" 31
"../../../../../Github/Y4_PersonalProject/RacingGame/Content/StarterContent/Audio/Starter_Birds01.uasset" 32
"../../../../../Github/Y4_PersonalProject/RacingGame/Content/StarterContent/Audio/Starter_Music01.uasset" 33
"../../../../../Github/Y4_PersonalProject/RacingGame/Content/StarterContent/Audio/Starter_Wind05.uasset" 34
"../../../../../Github/Y4_PersonalProject/RacingGame/Content/StarterContent/Audio/Starter_Wind06.uasset" 35
"../../../../../Github/Y4_PersonalProject/RacingGame/Content/StarterContent/Audio/Steam01.uasset" 36
"../../../../../Github/Y4_PersonalProject/RacingGame/Content/StarterContent/Audio/Explosion_Cue.uasset" 37
"../../../../../Github/Y4_PersonalProject/RacingGame/Content/StarterContent/Textures/T_Burst_M.uasset" 38
"../../../../../Github/Y4_PersonalProject/RacingGame/Content/StarterContent/Particles/Materials/M_Burst.uasset" 39
"../../../../../Github/Y4_PersonalProject/RacingGame/Content/StarterContent/Textures/T_Explosion_SubUV.uasset" 40
"../../../../../Github/Y4_PersonalProject/RacingGame/Content/StarterContent/Particles/Materials/M_explosion_subUV.uasset" 41
"../../../../../Github/Y4_PersonalProject/RacingGame/Content/StarterContent/Particles/Materials/m_flare_01.uasset" 42
"../../../Engine/Content/Functions/Engine_MaterialFunctions01/Gradient/RadialGradient.uasset" 43
"../../../../../Github/Y4_PersonalProject/RacingGame/Content/StarterContent/Particles/Materials/M_radial_ramp.uasset" 44
"../../../../../Github/Y4_PersonalProject/RacingGame/Content/StarterContent/Textures/T_Smoke_SubUV.uasset" 45
"../../../../../Github/Y4_PersonalProject/RacingGame/Content/StarterContent/Textures/T_Smoke_Tiled_D.uasset" 46
"../../../../../Github/Y4_PersonalProject/RacingGame/Content/StarterContent/Particles/Materials/M_smoke_subUV.uasset" 47
"../../../../../Github/Y4_PersonalProject/RacingGame/Content/StarterContent/Particles/P_Explosion.uasset" 48
"../../../../../Github/Y4_PersonalProject/RacingGame/Content/StarterContent/Blueprints/Blueprint_Effect_Explosion.uasset" 49
"../../../Engine/Content/EditorMeshes/ColorCalibrator/T_ColorGrid.uasset" 50
"../../../../../Github/Y4_PersonalProject/RacingGame/Content/StarterContent/Materials/M_ColorGrid_LowSpec.uasset" 51
"../../../../../Github/Y4_PersonalProject/RacingGame/Content/StarterContent/Textures/T_Bush_D.uasset" 52
"../../../../../Github/Y4_PersonalProject/RacingGame/Content/StarterContent/Textures/T_Bush_N.uasset" 53
"../../../../../Github/Y4_PersonalProject/RacingGame/Content/StarterContent/Props/Materials/M_Bush.uasset" 54
"../../../../../Github/Y4_PersonalProject/RacingGame/Content/StarterContent/Props/SM_Bush.uasset" 55
"../../../../../Github/Y4_PersonalProject/RacingGame/Content/StarterContent/Textures/T_Chair_M.uasset" 56
"../../../../../Github/Y4_PersonalProject/RacingGame/Content/StarterContent/Textures/T_Chair_N.uasset" 57
"../../../../../Github/Y4_PersonalProject/RacingGame/Content/StarterContent/Props/Materials/M_Chair.uasset" 58
"../../../../../Github/Y4_PersonalProject/RacingGame/Content/StarterContent/Props/SM_Couch.uasset" 59
"../../../../../Github/Y4_PersonalProject/RacingGame/Content/StarterContent/Materials/M_Glass.uasset" 60
"../../../../../Github/Y4_PersonalProject/RacingGame/Content/StarterContent/Textures/T_Door_M.uasset" 61
"../../../../../Github/Y4_PersonalProject/RacingGame/Content/StarterContent/Textures/T_Door_N.uasset" 62
"../../../../../Github/Y4_PersonalProject/RacingGame/Content/StarterContent/Props/Materials/M_Door.uasset" 63
"../../../../../Github/Y4_PersonalProject/RacingGame/Content/StarterContent/Props/SM_Door.uasset" 64
"../../../../../Github/Y4_PersonalProject/RacingGame/Content/StarterContent/Props/Materials/M_MaterialSphere.uasset" 65
"../../../../../Github/Y4_PersonalProject/RacingGame/Content/StarterContent/Props/Materials/M_MaterialSphere_Plain.uasset" 66
"../../../../../Github/Y4_PersonalProject/RacingGame/Content/StarterContent/Props/SM_MatPreviewMesh_02.uasset" 67
"../../../Engine/Content/Functions/Engine_MaterialFunctions02/Utility/BlendAngleCorrectedNormals.uasset" 68
"../../../../../Github/Y4_PersonalProject/RacingGame/Content/StarterContent/Textures/T_Detail_Rocky_N.uasset" 69
"../../../../../Github/Y4_PersonalProject/RacingGame/Content/StarterContent/Textures/T_Rock_Basalt_D.uasset" 70
"../../../../../Github/Y4_PersonalProject/RacingGame/Content/StarterContent/Textures/T_RockMesh_M.uasset" 71
"../../../../../Github/Y4_PersonalProject/RacingGame/Content/StarterContent/Textures/T_RockMesh_N.uasset" 72
"../../../../../Github/Y4_PersonalProject/RacingGame/Content/StarterContent/Props/Materials/M_Rock.uasset" 73
"../../../../../Github/Y4_PersonalProject/RacingGame/Content/StarterContent/Props/SM_Rock.uasset" 74
"../../../../../Github/Y4_PersonalProject/RacingGame/Content/StarterContent/Textures/T_Shelf_M.uasset" 75
"../../../../../Github/Y4_PersonalProject/RacingGame/Content/StarterContent/Textures/T_Shelf_N.uasset" 76
"../../../../../Github/Y4_PersonalProject/RacingGame/Content/StarterContent/Props/Materials/M_Shelf.uasset" 77
"../../../../../Github/Y4_PersonalProject/RacingGame/Content/StarterContent/Props/SM_Shelf.uasset" 78
"../../../../../Github/Y4_PersonalProject/RacingGame/Content/StarterContent/Materials/M_Basic_Floor.uasset" 79
"../../../../../Github/Y4_PersonalProject/RacingGame/Content/StarterContent/Props/SM_Stairs.uasset" 80
"../../../../../Github/Y4_PersonalProject/RacingGame/Content/StarterContent/Shapes/Shape_Cone.uasset" 81
"../../../../../Github/Y4_PersonalProject/RacingGame/Content/StarterContent/Shapes/Shape_Cylinder.uasset" 82
"../../../../../Github/Y4_PersonalProject/RacingGame/Content/StarterContent/Shapes/Shape_NarrowCapsule.uasset" 83
"../../../../../Github/Y4_PersonalProject/RacingGame/Content/StarterContent/Shapes/Shape_Pipe.uasset" 84
"../../../../../Github/Y4_PersonalProject/RacingGame/Content/StarterContent/Shapes/Shape_Pipe_180.uasset" 85
"../../../../../Github/Y4_PersonalProject/RacingGame/Content/StarterContent/Shapes/Shape_Pipe_90.uasset" 86
"../../../../../Github/Y4_PersonalProject/RacingGame/Content/StarterContent/Shapes/Shape_Plane.uasset" 87
"../../../../../Github/Y4_PersonalProject/RacingGame/Content/StarterContent/Shapes/Shape_Torus.uasset" 88
"../../../../../Github/Y4_PersonalProject/RacingGame/Content/StarterContent/Shapes/Shape_Trim.uasset" 89
"../../../../../Github/Y4_PersonalProject/RacingGame/Content/StarterContent/Shapes/Shape_Trim_90_In.uasset" 90
"../../../../../Github/Y4_PersonalProject/RacingGame/Content/StarterContent/Shapes/Shape_Trim_90_Out.uasset" 91
"../../../../../Github/Y4_PersonalProject/RacingGame/Content/StarterContent/Shapes/Shape_TriPyramid.uasset" 92
"../../../../../Github/Y4_PersonalProject/RacingGame/Content/StarterContent/Shapes/Shape_Tube.uasset" 93
"../../../../../Github/Y4_PersonalProject/RacingGame/Content/StarterContent/Shapes/Shape_Wedge_A.uasset" 94
"../../../../../Github/Y4_PersonalProject/RacingGame/Content/StarterContent/Shapes/Shape_Wedge_B.uasset" 95
"../../../../../Github/Y4_PersonalProject/RacingGame/Content/StarterContent/Shapes/Shape_WideCapsule.uasset" 96
"../../../Engine/Content/Animation/DefaultAnimCurveCompressionSettings.uasset" 97
"../../../Engine/Content/Functions/Engine_MaterialFunctions01/Opacity/CameraDepthFade.uasset" 98
"../../../Engine/Content/EngineMaterials/T_Default_Material_Grid_M.uasset" 99
"../../../Engine/Content/EngineMaterials/T_Default_Material_Grid_N.uasset" 100
"../../../Engine/Content/EngineMaterials/WorldGridMaterial.uasset" 101
"../../../Engine/Content/ArtTools/RenderToTexture/Meshes/S_1_Unit_Plane.uasset" 102
"../../../Engine/Content/EngineMaterials/DefaultMaterial.uasset" 103
"../../../Engine/Content/BasicShapes/Cone.uasset" 104
"../../../Engine/Content/BasicShapes/Plane.uasset" 105
"../../../Engine/Content/BasicShapes/Sphere.uasset" 106
"../../../Engine/Content/EditorLandscapeResources/DataLayer.uasset" 107
"../../../Engine/Content/EditorMaterials/GizmoMaterial.uasset" 108
"../../../Engine/Content/EditorMaterials/MAT_Groups_Toggle.uasset" 109
"../../../Engine/Content/EditorMaterials/MAT_Groups_Visibility.uasset" 110
"../../../Engine/Content/EditorMaterials/PreviewShadowIndicator.uasset" 111
"../../../Engine/Content/EditorMaterials/PreviewShadowIndicatorMaterial.uasset" 112
"../../../Engine/Content/EditorMaterials/MatineeGroups/MAT_ColorTrack.uasset" 113
"../../../Engine/Content/EditorMaterials/MatineeGroups/MAT_Groups_Anim.uasset" 114
"../../../Engine/Content/EditorMaterials/MatineeGroups/MAT_Groups_AudioMaster.uasset" 115
"../../../Engine/Content/EditorMaterials/MatineeGroups/MAT_Groups_Director.uasset" 116
"../../../Engine/Content/EditorMaterials/MatineeGroups/MAT_Groups_Event.uasset" 117
"../../../Engine/Content/EditorMaterials/MatineeGroups/MAT_Groups_Fade.uasset" 118
"../../../Engine/Content/EditorMaterials/MatineeGroups/MAT_Groups_Float.uasset" 119
"../../../Engine/Content/EditorMaterials/MatineeGroups/MAT_Groups_Move.uasset" 120
"../../../Engine/Content/EditorMaterials/MatineeGroups/MAT_Groups_Slomo.uasset" 121
"../../../Engine/Content/EditorMaterials/MatineeGroups/MAT_Groups_Sound.uasset" 122
"../../../Engine/Content/EditorMaterials/MatineeGroups/MAT_Groups_Vector.uasset" 123
"../../../Engine/Content/EditorMaterials/ParticleSystems/PSysThumbnail_NoImage.uasset" 124
"../../../Engine/Content/EditorMaterials/ParticleSystems/PSysThumbnail_OOD.uasset" 125
"../../../Engine/Content/EditorMaterials/Camera/CineMat.uasset" 126
"../../../Engine/Content/EditorMaterials/Camera/MI_CineMat_Rig.uasset" 127
"../../../Engine/Content/EditorMeshes/Camera/SM_CraneRig_Arm.uasset" 128
"../../../Engine/Content/EditorMeshes/Camera/SM_CraneRig_Base.uasset" 129
"../../../Engine/Content/EditorMeshes/Camera/SM_CraneRig_Body.uasset" 130
"../../../Engine/Content/EditorMeshes/Camera/SM_CraneRig_Mount.uasset" 131
"../../../Engine/Content/EditorMeshes/Camera/SM_RailRig_Mount.uasset" 132
"../../../Engine/Content/EditorMeshes/Camera/SM_RailRig_Track.uasset" 133
"../../../Engine/Content/EditorResources/BSPVertex.uasset" 134
"../../../Engine/Content/EditorResources/EmptyActor.uasset" 135
"../../../Engine/Content/EditorResources/S_Actor.uasset" 136
"../../../Engine/Content/EditorResources/S_Note.uasset" 137
"../../../Engine/Content/EditorResources/S_Solver.uasset" 138
"../../../Engine/Content/EditorResources/S_Trigger.uasset" 139
"../../../Engine/Content/EditorResources/AudioIcons/S_AudioComponent.uasset" 140
"../../../Engine/Content/EditorResources/AudioIcons/S_AudioComponent_AutoActivate.uasset" 141
"../../../Engine/Content/EditorResources/LightIcons/S_LightError.uasset" 142
"../../../Engine/Content/EditorResources/SequenceRecorder/Countdown.uasset" 143
"../../../Engine/Content/EditorResources/SequenceRecorder/RecordingIndicator.uasset" 144
"../../../Engine/Content/EditorSounds/Notifications/CompileFailed.uasset" 145
"../../../Engine/Content/EditorSounds/Notifications/CompileFailed_Cue.uasset" 146
"../../../Engine/Content/EditorSounds/Notifications/CompileSuccess.uasset" 147
"../../../Engine/Content/EditorSounds/Notifications/CompileStart_Cue.uasset" 148
"../../../Engine/Content/EditorSounds/Notifications/CompileSuccess_Cue.uasset" 149
"../../../Engine/Content/EngineDamageTypes/DmgTypeBP_Environmental.uasset" 150
"../../../Engine/Content/EngineDebugMaterials/HeatmapGradient.uasset" 151
"../../../Engine/Content/EngineDebugMaterials/BoneWeightMaterial.uasset" 152
"../../../Engine/Content/EngineDebugMaterials/ClothMaterial.uasset" 153
"../../../Engine/Content/EngineDebugMaterials/ClothMaterial_WF.uasset" 154
"../../../Engine/Content/EngineDebugMaterials/DebugEditorMaterial.uasset" 155
"../../../Engine/Content/EngineDebugMaterials/DebugMeshMaterial.uasset" 156
"../../../Engine/Content/EngineDebugMaterials/GeomMaterial.uasset" 157
"../../../Engine/Content/EngineDebugMaterials/M_SimpleTranslucent.uasset" 158
"../../../Engine/Content/Functions/Engine_MaterialFunctions02/Utility/CameraDirectionVector.uasset" 159
"../../../Engine/Content/EngineDebugMaterials/VolumeToRender.uasset" 160
"../../../Engine/Content/EngineDebugMaterials/M_VolumeRenderSphereTracePP.uasset" 161
"../../../Engine/Content/EngineDebugMaterials/WireframeMaterial.uasset" 162
"../../../Engine/Content/EngineFonts/Faces/RobotoBold.uasset" 163
"../../../Engine/Content/EngineFonts/Faces/RobotoBoldItalic.uasset" 164
"../../../Engine/Content/EngineFonts/Faces/RobotoItalic.uasset" 165
"../../../Engine/Content/EngineFonts/Faces/RobotoLight.uasset" 166
"../../../Engine/Content/EngineFonts/Faces/RobotoRegular.uasset" 167
"../../../Engine/Content/EngineFonts/Roboto.uasset" 168
"../../../Engine/Content/EngineMaterials/BaseFlattenDiffuseMap.uasset" 169
"../../../Engine/Content/EngineMaterials/BaseFlattenEmissiveMap.uasset" 170
"../../../Engine/Content/EngineMaterials/BaseFlattenGrayscaleMap.uasset" 171
"../../../Engine/Content/EngineMaterials/BaseFlattenNormalMap.uasset" 172
"../../../Engine/Content/EngineMaterials/BaseFlattenMaterial.uasset" 173
"../../../Engine/Content/EngineMaterials/BlueNoise.uasset" 174
"../../../Engine/Content/EngineMaterials/DefaultBloomKernel.uasset" 175
"../../../Engine/Content/EngineMaterials/DefaultBokeh.uasset" 176
"../../../Engine/Content/EngineMaterials/DefaultDiffuse.uasset" 177
"../../../Engine/Content/EngineMaterials/DefaultDeferredDecalMaterial.uasset" 178
"../../../Engine/Content/EngineMaterials/DefaultLightFunctionMaterial.uasset" 179
"../../../Engine/Content/EngineMaterials/DefaultPhysicalMaterial.uasset" 180
"../../../Engine/Content/Functions/Engine_MaterialFunctions02/Utility/BreakOutFloat2Components.uasset" 181
"../../../Engine/Content/EngineMaterials/DefaultPostProcessMaterial.uasset" 182
"../../../Engine/Content/EngineFonts/RobotoDistanceField.uasset" 183
"../../../Engine/Content/EngineMaterials/DefaultTextMaterialOpaque.uasset" 184
"../../../Engine/Content/EngineMaterials/DefaultVirtualTextureMaterial.uasset" 185
"../../../Engine/Content/EngineMaterials/DefaultWhiteGrid.uasset" 186
"../../../Engine/Content/EngineMaterials/EditorBrushMaterial.uasset" 187
"../../../Engine/Content/EngineMaterials/DefaultWhiteGrid_Low.uasset" 188
"../../../Engine/Content/EngineMaterials/EmissiveMeshMaterial.uasset" 189
"../../../Engine/Content/EngineMaterials/Good64x64TilingNoiseHighFreq.uasset" 190
"../../../Engine/Content/EngineMaterials/MiniFont.uasset" 191
"../../../Engine/Content/EngineMaterials/InvalidLightmapSettings.uasset" 192
"../../../Engine/Content/EngineMaterials/M_InvalidLightmapSettings.uasset" 193
"../../../Engine/Content/Functions/Engine_MaterialFunctions02/WorldPositionOffset/CameraOffset.uasset" 194
"../../../Engine/Content/EngineMaterials/PhAT_JointLimitMaterial.uasset" 195
"../../../Engine/Content/EngineMaterials/PreintegratedSkinBRDF.uasset" 196
"../../../Engine/Content/EngineMaterials/RemoveSurfaceMaterial.uasset" 197
"../../../Engine/Content/EngineMaterials/WeightMapPlaceholderTexture.uasset" 198
"../../../Engine/Content/EngineResources/WhiteSquareTexture.uasset" 199
"../../../Engine/Content/EngineMaterials/Widget3DPassThrough.uasset" 200
"../../../Engine/Content/EngineMaterials/Widget3DPassThrough_Masked.uasset" 201
"../../../Engine/Content/EngineMaterials/Widget3DPassThrough_Opaque.uasset" 202
"../../../Engine/Content/EngineMaterials/Widget3DPassThrough_Masked_OneSided.uasset" 203
"../../../Engine/Content/EngineMaterials/Widget3DPassThrough_Opaque_OneSided.uasset" 204
"../../../Engine/Content/EngineMaterials/Widget3DPassThrough_Translucent.uasset" 205
"../../../Engine/Content/EngineMaterials/Widget3DPassThrough_Translucent_OneSided.uasset" 206
"../../../Engine/Content/EngineMeshes/Cylinder.uasset" 207
"../../../Engine/Content/EngineMeshes/Sphere.uasset" 208
"../../../Engine/Content/EngineResources/Black.uasset" 209
"../../../Engine/Content/EngineResources/DefaultTexture.uasset" 210
"../../../Engine/Content/EngineResources/DefaultTextureCube.uasset" 211
"../../../Engine/Content/EngineResources/DefaultVolumeTexture2D.uasset" 212
"../../../Engine/Content/EngineResources/DefaultVolumeTexture.uasset" 213
"../../../Engine/Content/EngineResources/GradientTexture0.uasset" 214
"../../../Engine/Content/EngineSounds/Master.uasset" 215
"../../../Engine/Content/Functions/Engine_MaterialFunctions01/Shading/ConvertFromDiffSpec.uasset" 216
"../../../Engine/Content/Functions/Engine_MaterialFunctions01/Shading/PowerToRoughness.uasset" 217
"../../../Engine/Content/Maps/Templates/Thumbnails/Default.uasset" 218
"../../../Engine/Content/Maps/Templates/Thumbnails/VR-Basic.uasset" 219
"../../../Engine/Content/MobileResources/T_MobileControls_texture.uasset" 220
"../../../Engine/Content/MobileResources/T_MobileMenu2.uasset" 221
"../../../Engine/Content/MobileResources/HUD/AnalogHat.uasset" 222
"../../../Engine/Content/MobileResources/HUD/VirtualJoystick_Background.uasset" 223
"../../../Engine/Content/MobileResources/HUD/VirtualJoystick_Thumb.uasset" 224
"../../../Engine/Content/MobileResources/HUD/DefaultVirtualJoysticks.uasset" 225
"../../../Engine/Content/MobileResources/HUD/LeftVirtualJoystickOnly.uasset" 226
"../../../Engine/Content/MobileResources/HUD/MobileHUDButton1_off.uasset" 227
"../../../Engine/Content/MobileResources/HUD/MobileHUDButton1_on.uasset" 228
"../../../Engine/Content/MobileResources/HUD/MobileHUDButton2_off.uasset" 229
"../../../Engine/Content/MobileResources/HUD/MobileHUDButton2_on.uasset" 230
"../../../Engine/Content/MobileResources/HUD/MobileHUDButton3.uasset" 231
"../../../Engine/Content/MobileResources/HUD/MobileHUDButtonFire.uasset" 232
"../../../Engine/Content/MobileResources/HUD/MobileHUDDirectionPad.uasset" 233
"../../../Engine/Content/MobileResources/HUD/MobileHUDDirectionPad2.uasset" 234
"../../../Engine/Content/MobileResources/HUD/MobileHUDDirectionPad3.uasset" 235
"../../../Engine/Content/MobileResources/HUD/MobileHUDDirectionStick.uasset" 236
"../../../Engine/Content/MobileResources/HUD/T_Castle_ThumbstickInner.uasset" 237
"../../../Engine/Content/MobileResources/HUD/T_Castle_ThumbstickOutter.uasset" 238
"../../../Engine/Content/Tutorial/ContentIntroCurve.uasset" 239
"../../../Engine/Content/Tutorial/Basics/LevelEditorAttract.uasset" 240
"../../../Engine/Content/VREditor/LaserPointer/VR_LaserPower_01.uasset" 241
"../../../Engine/Content/VREditor/TransformGizmo/TransformGizmoMaterial.uasset" 242
"../../../Engine/Content/VREditor/TransformGizmo/TranslucentTransformGizmoMaterial.uasset" 243
"../../../Engine/Content/VREditor/TransformGizmo/BoundingBoxCorner.uasset" 244
"../../../Engine/Content/VREditor/TransformGizmo/BoundingBoxEdge.uasset" 245
"../../../Engine/Content/VREditor/TransformGizmo/PlaneTranslationHandle.uasset" 246
"../../../Engine/Content/VREditor/TransformGizmo/Main.uasset" 247
"../../../Engine/Content/VREditor/TransformGizmo/Xray.uasset" 248
"../../../Engine/Content/VREditor/TransformGizmo/SM_Sequencer_Key.uasset" 249
"../../../Engine/Content/VREditor/TransformGizmo/SM_Sequencer_Node.uasset" 250
"../../Plugins/2D/Paper2D/Content/PlaceholderTextures/DummySpriteTexture.uasset" 251
"../../Plugins/2D/Paper2D/Content/DummySprite.uasset" 252
"../../Plugins/2D/Paper2D/Content/DefaultPaperTerrainMaterial.uasset" 253
"../../Plugins/2D/Paper2D/Content/DummySpriteTexture.uasset" 254
"../../Plugins/2D/Paper2D/Content/DefaultSpriteMaterial.uasset" 255
"../../Plugins/2D/Paper2D/Content/MaskedUnlitSpriteMaterial.uasset" 256
"../../Plugins/2D/Paper2D/Content/OpaqueUnlitSpriteMaterial.uasset" 257
"../../Plugins/Runtime/Oculus/OculusVR/Content/OculusMR_RenderTarget.uasset" 258
"../../../Engine/Content/Functions/Engine_MaterialFunctions02/Utility/BreakOutFloat4Components.uasset" 259
"../../../Engine/Content/Functions/Engine_MaterialFunctions02/Utility/MakeFloat2.uasset" 260
"../../../Engine/Content/Functions/Engine_MaterialFunctions02/Utility/MakeFloat3.uasset" 261
"../../Plugins/Runtime/Oculus/OculusVR/Content/Materials/OculusMR_ChromaKey.uasset" 262
"../../Plugins/Runtime/Oculus/OculusVR/Content/Materials/OculusMR_ChromaKey_Lit.uasset" 263
"../../Plugins/Runtime/Oculus/OculusVR/Content/Materials/OculusMR_OpaqueColoredMaterial.uasset" 264
"../../Plugins/Runtime/Oculus/OculusVR/Content/Materials/OculusMR_WhiteMaterial.uasset" 265
"../../../Engine/Content/EditorBlueprintResources/StandardMacros.uasset" 266
"../../../../../Github/Y4_PersonalProject/RacingGame/Content/Widgets/DebugHovering.uasset" 267
"../../../../../Github/Y4_PersonalProject/RacingGame/Content/Widgets/W_GameUI.uasset" 268
"../../../../../Github/Y4_PersonalProject/RacingGame/Content/RacingGameGameModeBase_BP.uasset" 269
"../../../../../Github/Y4_PersonalProject/RacingGame/Content/Art/Ships/Textures/M_PlaceHolderShip.uasset" 270
"../../../../../Github/Y4_PersonalProject/RacingGame/Content/Art/Ships/Textures/M_PlaceHolderShipDiffuse.uasset" 271
"../../../../../Github/Y4_PersonalProject/RacingGame/Content/Art/Ships/Textures/M_FeisarShip.uasset" 272
"../../../../../Github/Y4_PersonalProject/RacingGame/Content/StarterContent/Textures/T_MacroVariation.uasset" 273
"../../../../../Github/Y4_PersonalProject/RacingGame/Content/StarterContent/Textures/T_Metal_Gold_D.uasset" 274
"../../../../../Github/Y4_PersonalProject/RacingGame/Content/StarterContent/Textures/T_Metal_Gold_N.uasset" 275
"../../../../../Github/Y4_PersonalProject/RacingGame/Content/StarterContent/Materials/M_Metal_Gold.uasset" 276
"../../../../../Github/Y4_PersonalProject/RacingGame/Content/StarterContent/Textures/T_Frame_M.uasset" 277
"../../../../../Github/Y4_PersonalProject/RacingGame/Content/StarterContent/Textures/T_Frame_N.uasset" 278
"../../../../../Github/Y4_PersonalProject/RacingGame/Content/StarterContent/Props/Materials/M_Frame.uasset" 279
"../../../Engine/Content/BasicShapes/Cylinder.uasset" 280
"../../../../../Github/Y4_PersonalProject/RacingGame/Content/Art/Ships/Models/PlaceHolder/Feisar_Ship.uasset" 281
"../../../../../Github/Y4_PersonalProject/RacingGame/Content/StarterContent/Textures/T_Perlin_Noise_M.uasset" 282
"../../../../../Github/Y4_PersonalProject/RacingGame/Content/StarterContent/Textures/T_Water_M.uasset" 283
"../../../../../Github/Y4_PersonalProject/RacingGame/Content/StarterContent/Textures/T_Water_N.uasset" 284
"../../../../../Github/Y4_PersonalProject/RacingGame/Content/StarterContent/Materials/M_Water_Ocean.uasset" 285
"../../../../../Github/Y4_PersonalProject/RacingGame/Content/Art/Ships/Models/PlaceHolder/Feisar_Ship_Root.uasset" 286
"../../../../../Github/Y4_PersonalProject/RacingGame/Content/PhysicsMaterials/SlidingWall.uasset" 287
"../../../../../Github/Y4_PersonalProject/RacingGame/Content/Actors/CustomCar_BP.uasset" 288
"../../../Engine/Content/EngineSky/C_Sky_Cloud_Color.uasset" 289
"../../../Engine/Content/EngineSky/C_Sky_Horizon_Color.uasset" 290
"../../../Engine/Content/EngineSky/C_Sky_Zenith_Color.uasset" 291
"../../../Engine/Content/EngineSky/T_Sky_Blue.uasset" 292
"../../../Engine/Content/EngineSky/T_Sky_Clouds_M.uasset" 293
"../../../Engine/Content/EngineSky/T_Sky_Stars.uasset" 294
"../../../Engine/Content/EngineSky/M_Sky_Panning_Clouds2.uasset" 295
"../../../Engine/Content/EngineSky/SM_SkySphere.uasset" 296
"../../../Engine/Content/EngineSky/BP_Sky_Sphere.uasset" 297
"../../../../../Github/Y4_PersonalProject/RacingGame/Content/Levels/Annubis_CollisionOnly/Anubis_WallCollisionOnly.uasset" 298
"../../../../../Github/Y4_PersonalProject/RacingGame/Content/Levels/Annubis_CollisionOnly/TrackOnly_CleanCollision_3.uasset" 299
"../../../../../Github/Y4_PersonalProject/RacingGame/Content/Art/MenuArt/orange-and-blue-led-strips.uasset" 300
"../../../../../Github/Y4_PersonalProject/RacingGame/Content/Widgets/W_MainMenu.uasset" 301
"../../../../../Github/Y4_PersonalProject/RacingGame/Content/Levels/Anubis_CollisionTest.umap" 302
"../../../../../Github/Y4_PersonalProject/RacingGame/Content/Levels/Anubis_CustomCollision_BuiltData.uasset" 303
"../../../../../Github/Y4_PersonalProject/RacingGame/Content/Art/TrackMaterials/M_SlidingWall.uasset" 304
"../../../../../Github/Y4_PersonalProject/RacingGame/Content/StarterContent/Materials/M_Water_Lake.uasset" 305
"../../../../../Github/Y4_PersonalProject/RacingGame/Content/StarterContent/Textures/T_Wood_Pine_D.uasset" 306
"../../../../../Github/Y4_PersonalProject/RacingGame/Content/StarterContent/Textures/T_Wood_Pine_N.uasset" 307
"../../../../../Github/Y4_PersonalProject/RacingGame/Content/StarterContent/Materials/M_Wood_Pine.uasset" 308
"../../../../../Github/Y4_PersonalProject/RacingGame/Content/StarterContent/Textures/T_TableRound_M.uasset" 309
"../../../../../Github/Y4_PersonalProject/RacingGame/Content/StarterContent/Textures/T_TableRound_N.uasset" 310
"../../../../../Github/Y4_PersonalProject/RacingGame/Content/StarterContent/Props/Materials/M_TableRound.uasset" 311
"../../../Engine/Content/BasicShapes/Cube.uasset" 312
"../../../../../Github/Y4_PersonalProject/RacingGame/Content/Levels/Anubis_Lean/CurbStone.uasset" 313
"../../../../../Github/Y4_PersonalProject/RacingGame/Content/Levels/Anubis_Lean/m_signs.uasset" 314
"../../../../../Github/Y4_PersonalProject/RacingGame/Content/Levels/Anubis_Lean/m_track_blue.uasset" 315
"../../../../../Github/Y4_PersonalProject/RacingGame/Content/Levels/Anubis_Lean/m_track_walls.uasset" 316
"../../../../../Github/Y4_PersonalProject/RacingGame/Content/Levels/Anubis_Lean/RacingRing_AlbedoTransparency.uasset" 317
"../../../../../Github/Y4_PersonalProject/RacingGame/Content/Levels/Anubis_Lean/Anubis_Lean.uasset" 318
"../../../../../Github/Y4_PersonalProject/RacingGame/Content/Levels/Anubis_CustomCollision.umap" 319
"../../../../../Github/Y4_PersonalProject/RacingGame/Content/Levels/MainMenu.umap" 320
"../../../../../Github/Y4_PersonalProject/RacingGame/Content/StarterContent/Blueprints/Assets/FogBrightnessLUT.uasset" 321
"../../../../../Github/Y4_PersonalProject/RacingGame/Content/StarterContent/Blueprints/Assets/SunlightColorLUT.uasset" 322
"../../../../../Github/Y4_PersonalProject/RacingGame/Content/StarterContent/Blueprints/Assets/M_LightStage_Arrows.uasset" 323
"../../../Engine/Content/MapTemplates/Sky/DaylightAmbientCubemap.uasset" 324
"../../../../../Github/Y4_PersonalProject/RacingGame/Content/StarterContent/Blueprints/Assets/M_LightStage_Skybox_Master.uasset" 325
"../../../../../Github/Y4_PersonalProject/RacingGame/Content/StarterContent/Blueprints/Assets/M_LightStage_Skybox_Black.uasset" 326
"../../../../../Github/Y4_PersonalProject/RacingGame/Content/StarterContent/Blueprints/Assets/M_LightStage_Skybox_HDRI.uasset" 327
"../../../Engine/Content/EditorMaterials/Thumbnails/SkySphereMaterial.uasset" 328
"../../../../../Github/Y4_PersonalProject/RacingGame/Content/StarterContent/Blueprints/Assets/Skybox.uasset" 329
"../../../../../Github/Y4_PersonalProject/RacingGame/Content/StarterContent/Blueprints/Assets/SM_Arrows.uasset" 330
"../../../../../Github/Y4_PersonalProject/RacingGame/Content/StarterContent/HDRI/HDRI_Epic_Courtyard_Daylight.uasset" 331
"../../../../../Github/Y4_PersonalProject/RacingGame/Content/StarterContent/Blueprints/BP_LightStudio.uasset" 332
"../../../../../Github/Y4_PersonalProject/RacingGame/Content/StarterContent/Maps/Advanced_Lighting_BuiltData.uasset" 333
"../../../../../Github/Y4_PersonalProject/RacingGame/Content/StarterContent/Materials/M_AssetPlatform.uasset" 334
"../../../Engine/Content/EditorMeshes/ColorCalibrator/M_ChromeBall.uasset" 335
"../../../Engine/Content/EditorMeshes/ColorCalibrator/M_ClearCoat.uasset" 336
"../../../Engine/Content/EditorMeshes/ColorCalibrator/M_ClearCoatBlack.uasset" 337
"../../../Engine/Content/EditorMeshes/ColorCalibrator/Color_checker.uasset" 338
"../../../Engine/Content/EditorMeshes/ColorCalibrator/M_ColorGrid.uasset" 339
"../../../Engine/Content/EditorMeshes/ColorCalibrator/M_GreyBall.uasset" 340
"../../../Engine/Content/EditorMeshes/ColorCalibrator/SM_ColorCalibrator.uasset" 341
"../../../../../Github/Y4_PersonalProject/RacingGame/Content/StarterContent/Architecture/SM_AssetPlatform.uasset" 342
"../../../../../Github/Y4_PersonalProject/RacingGame/Content/StarterContent/Maps/Advanced_Lighting.umap" 343
"../../../../../Github/Y4_PersonalProject/RacingGame/Content/StarterContent/Maps/Minimal_Default_BuiltData.uasset" 344
"../../../../../Github/Y4_PersonalProject/RacingGame/Content/StarterContent/Materials/M_Metal_Brushed_Nickel.uasset" 345
"../../../../../Github/Y4_PersonalProject/RacingGame/Content/StarterContent/Textures/T_Metal_Aluminum_D.uasset" 346
"../../../../../Github/Y4_PersonalProject/RacingGame/Content/StarterContent/Materials/M_Metal_Burnished_Steel.uasset" 347
"../../../../../Github/Y4_PersonalProject/RacingGame/Content/StarterContent/Textures/T_Metal_Copper_D.uasset" 348
"../../../../../Github/Y4_PersonalProject/RacingGame/Content/StarterContent/Materials/M_Metal_Copper.uasset" 349
"../../../../../Github/Y4_PersonalProject/RacingGame/Content/StarterContent/Textures/T_Statue_M.uasset" 350
"../../../../../Github/Y4_PersonalProject/RacingGame/Content/StarterContent/Textures/T_Statue_N.uasset" 351
"../../../../../Github/Y4_PersonalProject/RacingGame/Content/StarterContent/Props/Materials/M_StatueGlass.uasset" 352
"../../../../../Github/Y4_PersonalProject/RacingGame/Content/StarterContent/Architecture/Floor_400x400.uasset" 353
"../../../../../Github/Y4_PersonalProject/RacingGame/Content/StarterContent/Audio/Starter_Background_Cue.uasset" 354
"../../../../../Github/Y4_PersonalProject/RacingGame/Content/StarterContent/Props/SM_Chair.uasset" 355
"../../../../../Github/Y4_PersonalProject/RacingGame/Content/StarterContent/Props/Materials/M_Statue.uasset" 356
"../../../../../Github/Y4_PersonalProject/RacingGame/Content/StarterContent/Props/SM_Statue.uasset" 357
"../../../../../Github/Y4_PersonalProject/RacingGame/Content/StarterContent/Props/SM_TableRound.uasset" 358
"../../../../../Github/Y4_PersonalProject/RacingGame/Content/StarterContent/Maps/Minimal_Default.umap" 359
"../../../../../Github/Y4_PersonalProject/RacingGame/Content/StarterContent/Audio/Fire01_Cue.uasset" 360
"../../../../../Github/Y4_PersonalProject/RacingGame/Content/StarterContent/Textures/T_Fire_SubUV.uasset" 361
"../../../../../Github/Y4_PersonalProject/RacingGame/Content/StarterContent/Textures/T_Fire_Tiled_D.uasset" 362
"../../../../../Github/Y4_PersonalProject/RacingGame/Content/StarterContent/Particles/Materials/M_Fire_SubUV.uasset" 363
"../../../../../Github/Y4_PersonalProject/RacingGame/Content/StarterContent/Particles/Materials/M_Heat_Distortion.uasset" 364
"../../../../../Github/Y4_PersonalProject/RacingGame/Content/StarterContent/Particles/Materials/M_Radial_Gradient.uasset" 365
"../../../../../Github/Y4_PersonalProject/RacingGame/Content/StarterContent/Particles/P_Fire.uasset" 366
"../../../../../Github/Y4_PersonalProject/RacingGame/Content/StarterContent/Blueprints/Blueprint_Effect_Fire.uasset" 367
"../../../../../Github/Y4_PersonalProject/RacingGame/Content/StarterContent/Audio/Smoke01_Cue.uasset" 368
"../../../../../Github/Y4_PersonalProject/RacingGame/Content/StarterContent/Particles/P_Smoke.uasset" 369
"../../../../../Github/Y4_PersonalProject/RacingGame/Content/StarterContent/Blueprints/Blueprint_Effect_Smoke.uasset" 370
"../../../../../Github/Y4_PersonalProject/RacingGame/Content/StarterContent/Audio/Fire_Sparks01_Cue.uasset" 371
"../../../../../Github/Y4_PersonalProject/RacingGame/Content/StarterContent/Textures/T_Spark_Core.uasset" 372
"../../../../../Github/Y4_PersonalProject/RacingGame/Content/StarterContent/Particles/Materials/M_Spark.uasset" 373
"../../../../../Github/Y4_PersonalProject/RacingGame/Content/StarterContent/Particles/P_Sparks.uasset" 374
"../../../../../Github/Y4_PersonalProject/RacingGame/Content/StarterContent/Blueprints/Blueprint_Effect_Sparks.uasset" 375
"../../../../../Github/Y4_PersonalProject/RacingGame/Content/StarterContent/Audio/Steam01_Cue.uasset" 376
"../../../../../Github/Y4_PersonalProject/RacingGame/Content/StarterContent/Particles/P_Steam_Lit.uasset" 377
"../../../../../Github/Y4_PersonalProject/RacingGame/Content/StarterContent/Blueprints/Blueprint_Effect_Steam.uasset" 378
"../../../../../Github/Y4_PersonalProject/RacingGame/Content/StarterContent/Textures/T_Lamp_M.uasset" 379
"../../../../../Github/Y4_PersonalProject/RacingGame/Content/StarterContent/Textures/T_Lamp_N.uasset" 380
"../../../../../Github/Y4_PersonalProject/RacingGame/Content/StarterContent/Props/Materials/M_Lamp.uasset" 381
"../../../../../Github/Y4_PersonalProject/RacingGame/Content/StarterContent/Props/SM_Lamp_Ceiling.uasset" 382
"../../../../../Github/Y4_PersonalProject/RacingGame/Content/StarterContent/Blueprints/Blueprint_CeilingLight.uasset" 383
"../../../../../Github/Y4_PersonalProject/RacingGame/Content/StarterContent/Props/SM_Lamp_Wall.uasset" 384
"../../../../../Github/Y4_PersonalProject/RacingGame/Content/StarterContent/Blueprints/Blueprint_WallSconce.uasset" 385
"../../../../../Github/Y4_PersonalProject/RacingGame/Content/StarterContent/Maps/StarterMap_BuiltData.uasset" 386
"../../../Engine/Content/Functions/Engine_MaterialFunctions03/Procedurals/ComputeFilterWidth.uasset" 387
"../../../Engine/Content/EngineMaterials/AntiAliasedTextMaterialTranslucent.uasset" 388
"../../../../../Github/Y4_PersonalProject/RacingGame/Content/StarterContent/Textures/T_Brick_Clay_Beveled_D.uasset" 389
"../../../../../Github/Y4_PersonalProject/RacingGame/Content/StarterContent/Textures/T_Brick_Clay_Beveled_M.uasset" 390
"../../../../../Github/Y4_PersonalProject/RacingGame/Content/StarterContent/Textures/T_Brick_Clay_Beveled_N.uasset" 391
"../../../../../Github/Y4_PersonalProject/RacingGame/Content/StarterContent/Materials/M_Brick_Clay_Beveled.uasset" 392
"../../../../../Github/Y4_PersonalProject/RacingGame/Content/StarterContent/Textures/T_Brick_Clay_New_D.uasset" 393
"../../../../../Github/Y4_PersonalProject/RacingGame/Content/StarterContent/Textures/T_Brick_Clay_New_M.uasset" 394
"../../../../../Github/Y4_PersonalProject/RacingGame/Content/StarterContent/Textures/T_Brick_Clay_New_N.uasset" 395
"../../../../../Github/Y4_PersonalProject/RacingGame/Content/StarterContent/Materials/M_Brick_Clay_New.uasset" 396
"../../../../../Github/Y4_PersonalProject/RacingGame/Content/StarterContent/Textures/T_Brick_Clay_Old_D.uasset" 397
"../../../../../Github/Y4_PersonalProject/RacingGame/Content/StarterContent/Textures/T_Brick_Clay_Old_N.uasset" 398
"../../../../../Github/Y4_PersonalProject/RacingGame/Content/StarterContent/Materials/M_Brick_Clay_Old.uasset" 399
"../../../../../Github/Y4_PersonalProject/RacingGame/Content/StarterContent/Textures/T_Brick_Cut_Stone_D.uasset" 400
"../../../../../Github/Y4_PersonalProject/RacingGame/Content/StarterContent/Textures/T_Brick_Cut_Stone_N.uasset" 401
"../../../../../Github/Y4_PersonalProject/RacingGame/Content/StarterContent/Materials/M_Brick_Cut_Stone.uasset" 402
"../../../../../Github/Y4_PersonalProject/RacingGame/Content/StarterContent/Textures/T_Brick_Hewn_Stone_D.uasset" 403
"../../../../../Github/Y4_PersonalProject/RacingGame/Content/StarterContent/Textures/T_Brick_Hewn_Stone_M.uasset" 404
"../../../../../Github/Y4_PersonalProject/RacingGame/Content/StarterContent/Textures/T_Brick_Hewn_Stone_N.uasset" 405
"../../../../../Github/Y4_PersonalProject/RacingGame/Content/StarterContent/Materials/M_Brick_Hewn_Stone.uasset" 406
"../../../../../Github/Y4_PersonalProject/RacingGame/Content/StarterContent/Textures/T_Ceramic_Tile_M.uasset" 407
"../../../../../Github/Y4_PersonalProject/RacingGame/Content/StarterContent/Textures/T_Ceramic_Tile_N.uasset" 408
"../../../../../Github/Y4_PersonalProject/RacingGame/Content/StarterContent/Textures/T_Rock_Marble_Polished_D.uasset" 409
"../../../../../Github/Y4_PersonalProject/RacingGame/Content/StarterContent/Materials/M_Ceramic_Tile_Checker.uasset" 410
"../../../../../Github/Y4_PersonalProject/RacingGame/Content/StarterContent/Textures/T_CobbleStone_Pebble_D.uasset" 411
"../../../../../Github/Y4_PersonalProject/RacingGame/Content/StarterContent/Textures/T_CobbleStone_Pebble_M.uasset" 412
"../../../../../Github/Y4_PersonalProject/RacingGame/Content/StarterContent/Textures/T_CobbleStone_Pebble_N.uasset" 413
"../../../../../Github/Y4_PersonalProject/RacingGame/Content/StarterContent/Materials/M_CobbleStone_Pebble.uasset" 414
"../../../../../Github/Y4_PersonalProject/RacingGame/Content/StarterContent/Textures/T_CobbleStone_Rough_D.uasset" 415
"../../../../../Github/Y4_PersonalProject/RacingGame/Content/StarterContent/Textures/T_CobbleStone_Rough_N.uasset" 416
"../../../../../Github/Y4_PersonalProject/RacingGame/Content/StarterContent/Textures/T_Gradinet_01.uasset" 417
"../../../../../Github/Y4_PersonalProject/RacingGame/Content/StarterContent/Textures/T_Rock_Smooth_Granite_D.uasset" 418
"../../../../../Github/Y4_PersonalProject/RacingGame/Content/StarterContent/Materials/M_CobbleStone_Rough.uasset" 419
"../../../../../Github/Y4_PersonalProject/RacingGame/Content/StarterContent/Textures/T_CobbleStone_Smooth_D.uasset" 420
"../../../../../Github/Y4_PersonalProject/RacingGame/Content/StarterContent/Textures/T_CobbleStone_Smooth_M.uasset" 421
"../../../../../Github/Y4_PersonalProject/RacingGame/Content/StarterContent/Textures/T_CobbleStone_Smooth_N.uasset" 422
"../../../../../Github/Y4_PersonalProject/RacingGame/Content/StarterContent/Materials/M_CobbleStone_Smooth.uasset" 423
"../../../../../Github/Y4_PersonalProject/RacingGame/Content/StarterContent/Textures/T_Concrete_Grime_D.uasset" 424
"../../../../../Github/Y4_PersonalProject/RacingGame/Content/StarterContent/Textures/T_Metal_Rust_N.uasset" 425
"../../../../../Github/Y4_PersonalProject/RacingGame/Content/StarterContent/Materials/M_Concrete_Grime.uasset" 426
"../../../../../Github/Y4_PersonalProject/RacingGame/Content/StarterContent/Textures/T_Concrete_Panels_D.uasset" 427
"../../../../../Github/Y4_PersonalProject/RacingGame/Content/StarterContent/Textures/T_Concrete_Panels_N.uasset" 428
"../../../../../Github/Y4_PersonalProject/RacingGame/Content/StarterContent/Materials/M_Concrete_Panels.uasset" 429
"../../../../../Github/Y4_PersonalProject/RacingGame/Content/StarterContent/Textures/T_Concrete_Poured_D.uasset" 430
"../../../../../Github/Y4_PersonalProject/RacingGame/Content/StarterContent/Textures/T_Concrete_Poured_N.uasset" 431
"../../../../../Github/Y4_PersonalProject/RacingGame/Content/StarterContent/Materials/M_Concrete_Poured.uasset" 432
"../../../../../Github/Y4_PersonalProject/RacingGame/Content/StarterContent/Textures/T_Concrete_Tiles_D.uasset" 433
"../../../../../Github/Y4_PersonalProject/RacingGame/Content/StarterContent/Textures/T_Concrete_Tiles_M.uasset" 434
"../../../../../Github/Y4_PersonalProject/RacingGame/Content/StarterContent/Textures/T_Concrete_Tiles_N.uasset" 435
"../../../../../Github/Y4_PersonalProject/RacingGame/Content/StarterContent/Textures/T_Concrete_Tiles_Variation_M.uasset" 436
"../../../../../Github/Y4_PersonalProject/RacingGame/Content/StarterContent/Materials/M_Concrete_Tiles.uasset" 437
"../../../../../Github/Y4_PersonalProject/RacingGame/Content/StarterContent/Textures/T_Ground_Grass_D.uasset" 438
"../../../../../Github/Y4_PersonalProject/RacingGame/Content/StarterContent/Textures/T_Ground_Grass_N.uasset" 439
"../../../../../Github/Y4_PersonalProject/RacingGame/Content/StarterContent/Materials/M_Ground_Grass.uasset" 440
"../../../../../Github/Y4_PersonalProject/RacingGame/Content/StarterContent/Textures/T_Ground_Gravel_D.uasset" 441
"../../../../../Github/Y4_PersonalProject/RacingGame/Content/StarterContent/Textures/T_Ground_Gravel_N.uasset" 442
"../../../../../Github/Y4_PersonalProject/RacingGame/Content/StarterContent/Materials/M_Ground_Gravel.uasset" 443
"../../../../../Github/Y4_PersonalProject/RacingGame/Content/StarterContent/Textures/T_ground_Moss_D.uasset" 444
"../../../../../Github/Y4_PersonalProject/RacingGame/Content/StarterContent/Textures/T_Ground_Moss_N.uasset" 445
"../../../../../Github/Y4_PersonalProject/RacingGame/Content/StarterContent/Materials/M_Ground_Moss.uasset" 446
"../../../../../Github/Y4_PersonalProject/RacingGame/Content/StarterContent/Materials/M_Metal_Chrome.uasset" 447
"../../../../../Github/Y4_PersonalProject/RacingGame/Content/StarterContent/Textures/T_Metal_Rust_D.uasset" 448
"../../../../../Github/Y4_PersonalProject/RacingGame/Content/StarterContent/Materials/M_Metal_Rust.uasset" 449
"../../../../../Github/Y4_PersonalProject/RacingGame/Content/StarterContent/Textures/T_Metal_Steel_D.uasset" 450
"../../../../../Github/Y4_PersonalProject/RacingGame/Content/StarterContent/Textures/T_Metal_Steel_N.uasset" 451
"../../../../../Github/Y4_PersonalProject/RacingGame/Content/StarterContent/Materials/M_Metal_Steel.uasset" 452
"../../../../../Github/Y4_PersonalProject/RacingGame/Content/StarterContent/Textures/T_Rock_Basalt_N.uasset" 453
"../../../../../Github/Y4_PersonalProject/RacingGame/Content/StarterContent/Materials/M_Rock_Basalt.uasset" 454
"../../../../../Github/Y4_PersonalProject/RacingGame/Content/StarterContent/Materials/M_Rock_Marble_Polished.uasset" 455
"../../../../../Github/Y4_PersonalProject/RacingGame/Content/StarterContent/Textures/T_Rock_Sandstone_D.uasset" 456
"../../../../../Github/Y4_PersonalProject/RacingGame/Content/StarterContent/Textures/T_Rock_Sandstone_N.uasset" 457
"../../../../../Github/Y4_PersonalProject/RacingGame/Content/StarterContent/Materials/M_Rock_Sandstone.uasset" 458
"../../../../../Github/Y4_PersonalProject/RacingGame/Content/StarterContent/Textures/T_Rock_Slate_D.uasset" 459
"../../../../../Github/Y4_PersonalProject/RacingGame/Content/StarterContent/Textures/T_Rock_Slate_N.uasset" 460
"../../../../../Github/Y4_PersonalProject/RacingGame/Content/StarterContent/Materials/M_Rock_Slate.uasset" 461
"../../../../../Github/Y4_PersonalProject/RacingGame/Content/StarterContent/Textures/T_Checker_Noise_M.uasset" 462
"../../../../../Github/Y4_PersonalProject/RacingGame/Content/StarterContent/Textures/T_Single_Tile_N.uasset" 463
"../../../../../Github/Y4_PersonalProject/RacingGame/Content/StarterContent/Textures/T_Tech_Dot_M.uasset" 464
"../../../../../Github/Y4_PersonalProject/RacingGame/Content/StarterContent/Textures/T_Tech_Dot_N.uasset" 465
"../../../../../Github/Y4_PersonalProject/RacingGame/Content/StarterContent/Materials/M_Tech_Checker_Dot.uasset" 466
"../../../../../Github/Y4_PersonalProject/RacingGame/Content/StarterContent/Textures/T_Tech_Hex_Tile_M.uasset" 467
"../../../../../Github/Y4_PersonalProject/RacingGame/Content/StarterContent/Textures/T_Tech_Hex_Tile_N.uasset" 468
"../../../../../Github/Y4_PersonalProject/RacingGame/Content/StarterContent/Materials/M_Tech_Hex_Tile.uasset" 469
"../../../../../Github/Y4_PersonalProject/RacingGame/Content/StarterContent/Materials/M_Tech_Hex_Tile_Pulse.uasset" 470
"../../../../../Github/Y4_PersonalProject/RacingGame/Content/StarterContent/Textures/T_Tech_Panel_M.uasset" 471
"../../../../../Github/Y4_PersonalProject/RacingGame/Content/StarterContent/Textures/T_Tech_Panel_N.uasset" 472
"../../../../../Github/Y4_PersonalProject/RacingGame/Content/StarterContent/Materials/M_Tech_Panel.uasset" 473
"../../../../../Github/Y4_PersonalProject/RacingGame/Content/StarterContent/Textures/T_Wood_Floor_Walnut_D.uasset" 474
"../../../../../Github/Y4_PersonalProject/RacingGame/Content/StarterContent/Textures/T_Wood_Floor_Walnut_M.uasset" 475
"../../../../../Github/Y4_PersonalProject/RacingGame/Content/StarterContent/Textures/T_Wood_Floor_Walnut_N.uasset" 476
"../../../../../Github/Y4_PersonalProject/RacingGame/Content/StarterContent/Materials/M_Wood_Floor_Walnut_Polished.uasset" 477
"../../../Engine/Content/Functions/Engine_MaterialFunctions01/Opacity/AlphaOffset.uasset" 478
"../../../../../Github/Y4_PersonalProject/RacingGame/Content/StarterContent/Materials/M_Wood_Floor_Walnut_Worn.uasset" 479
"../../../../../Github/Y4_PersonalProject/RacingGame/Content/StarterContent/Textures/T_Wood_Oak_D.uasset" 480
"../../../../../Github/Y4_PersonalProject/RacingGame/Content/StarterContent/Textures/T_Wood_Oak_N.uasset" 481
"../../../../../Github/Y4_PersonalProject/RacingGame/Content/StarterContent/Materials/M_Wood_Oak.uasset" 482
"../../../../../Github/Y4_PersonalProject/RacingGame/Content/StarterContent/Textures/T_Wood_Walnut_D.uasset" 483
"../../../../../Github/Y4_PersonalProject/RacingGame/Content/StarterContent/Textures/T_Wood_Walnut_N.uasset" 484
"../../../../../Github/Y4_PersonalProject/RacingGame/Content/StarterContent/Materials/M_Wood_Walnut.uasset" 485
"../../../../../Github/Y4_PersonalProject/RacingGame/Content/StarterContent/Architecture/Wall_400x200.uasset" 486
"../../../../../Github/Y4_PersonalProject/RacingGame/Content/StarterContent/Architecture/Wall_Door_400x300.uasset" 487
"../../../../../Github/Y4_PersonalProject/RacingGame/Content/StarterContent/Architecture/Wall_Window_400x300.uasset" 488
"../../../../../Github/Y4_PersonalProject/RacingGame/Content/StarterContent/Audio/Collapse_Cue.uasset" 489
"../../../../../Github/Y4_PersonalProject/RacingGame/Content/StarterContent/Audio/Starter_Music_Cue.uasset" 490
"../../../../../Github/Y4_PersonalProject/RacingGame/Content/StarterContent/Textures/T_Dust_Particle_D.uasset" 491
"../../../../../Github/Y4_PersonalProject/RacingGame/Content/StarterContent/Particles/Materials/M_Dust_Particle.uasset" 492
"../../../../../Github/Y4_PersonalProject/RacingGame/Content/StarterContent/Particles/P_Ambient_Dust.uasset" 493
"../../../../../Github/Y4_PersonalProject/RacingGame/Content/StarterContent/Props/MaterialSphere.uasset" 494
"../../../../../Github/Y4_PersonalProject/RacingGame/Content/StarterContent/Props/SM_CornerFrame.uasset" 495
"../../../../../Github/Y4_PersonalProject/RacingGame/Content/StarterContent/Props/SM_DoorFrame.uasset" 496
"../../../../../Github/Y4_PersonalProject/RacingGame/Content/StarterContent/Props/SM_GlassWindow.uasset" 497
"../../../../../Github/Y4_PersonalProject/RacingGame/Content/StarterContent/Props/SM_PillarFrame.uasset" 498
"../../../../../Github/Y4_PersonalProject/RacingGame/Content/StarterContent/Props/SM_PillarFrame300.uasset" 499
"../../../../../Github/Y4_PersonalProject/RacingGame/Content/StarterContent/Props/SM_WindowFrame.uasset" 500
"../../../../../Github/Y4_PersonalProject/RacingGame/Content/StarterContent/Shapes/Shape_Cube.uasset" 501
"../../../../../Github/Y4_PersonalProject/RacingGame/Content/StarterContent/Shapes/Shape_QuadPyramid.uasset" 502
"../../../../../Github/Y4_PersonalProject/RacingGame/Content/StarterContent/Shapes/Shape_Sphere.uasset" 503
"../../../../../Github/Y4_PersonalProject/RacingGame/Content/StarterContent/Maps/StarterMap.umap" 504
"../../../Engine/Content/Maps/Entry_BuiltData.uasset" 505
"../../../Engine/Content/Maps/Entry.umap" 506
